#
# There is insufficient memory for the Java Runtime Environment to continue.
# Native memory allocation (malloc) failed to allocate 1318576 bytes. Error detail: Chunk::new
# Possible reasons:
#   The system is out of physical RAM or swap space
#   This process is running with CompressedOops enabled, and the Java Heap may be blocking the growth of the native heap
# Possible solutions:
#   Reduce memory load on the system
#   Increase physical memory or swap space
#   Check if swap backing store is full
#   Decrease Java heap size (-Xmx/-Xms)
#   Decrease number of Java threads
#   Decrease Java thread stack sizes (-Xss)
#   Set larger code cache with -XX:ReservedCodeCacheSize=
#   JVM is running with Unscaled Compressed Oops mode in which the Java heap is
#     placed in the first 4GB address space. The Java Heap base address is the
#     maximum limit for the native heap growth. Please use -XX:HeapBaseMinAddress
#     to set the Java Heap base and to place the Java Heap above 4GB virtual address.
# This output file may be truncated or incomplete.
#
#  Out of Memory Error (arena.cpp:168), pid=14068, tid=26056
#
# JRE version: OpenJDK Runtime Environment (21.0.6) (build 21.0.6+-13391695-b895.109)
# Java VM: OpenJDK 64-Bit Server VM (21.0.6+-13391695-b895.109, mixed mode, tiered, compressed oops, compressed class ptrs, g1 gc, windows-amd64)
# No core dump will be written. Minidumps are not enabled by default on client versions of Windows
#

---------------  S U M M A R Y ------------

Command Line: --add-opens=java.base/java.lang=ALL-UNNAMED --add-opens=java.base/java.lang.invoke=ALL-UNNAMED --add-opens=java.base/java.util=ALL-UNNAMED --add-opens=java.prefs/java.util.prefs=ALL-UNNAMED --add-exports=jdk.compiler/com.sun.tools.javac.api=ALL-UNNAMED --add-exports=jdk.compiler/com.sun.tools.javac.util=ALL-UNNAMED --add-opens=java.base/java.util=ALL-UNNAMED --add-opens=java.prefs/java.util.prefs=ALL-UNNAMED --add-opens=java.base/java.nio.charset=ALL-UNNAMED --add-opens=java.base/java.net=ALL-UNNAMED --add-opens=java.base/java.util.concurrent.atomic=ALL-UNNAMED --add-opens=java.xml/javax.xml.namespace=ALL-UNNAMED -XX:MaxMetaspaceSize=256m -XX:ReservedCodeCacheSize=128m -XX:+HeapDumpOnOutOfMemoryError -Xmx1536m -Dfile.encoding=UTF-8 -Duser.country=PH -Duser.language=en -Duser.variant -javaagent:C:\Users\USER\.gradle\wrapper\dists\gradle-8.12-all\ejduaidbjup3bmmkhw3rie4zb\gradle-8.12\lib\agents\gradle-instrumentation-agent-8.12.jar org.gradle.launcher.daemon.bootstrap.GradleDaemon 8.12

Host: AMD Ryzen 3 7320U with Radeon Graphics         , 8 cores, 7G,  Windows 11 , 64 bit Build 26100 (10.0.26100.7019)
Time: Sun Feb  1 20:01:23 2026 Malay Peninsula Standard Time elapsed time: 36.643372 seconds (0d 0h 0m 36s)

---------------  T H R E A D  ---------------

Current thread (0x000002067d8c3d30):  JavaThread "C2 CompilerThread0" daemon [_thread_in_native, id=26056, stack(0x0000007398300000,0x0000007398400000) (1024K)]


Current CompileTask:
C2:36643 7905 %     4       org.gradle.internal.instantiation.generator.AbstractClassGenerator::inspectType @ 107 (560 bytes)

Stack: [0x0000007398300000,0x0000007398400000]
Native frames: (J=compiled Java code, j=interpreted, Vv=VM code, C=native code)
V  [jvm.dll+0x6d0639]
V  [jvm.dll+0x85eb03]
V  [jvm.dll+0x86105e]
V  [jvm.dll+0x861743]
V  [jvm.dll+0x27e6e6]
V  [jvm.dll+0xbff6d]
V  [jvm.dll+0xc04a3]
V  [jvm.dll+0x2f2780]
V  [jvm.dll+0x5fa409]
V  [jvm.dll+0x250d92]
V  [jvm.dll+0x24963a]
V  [jvm.dll+0x24714e]
V  [jvm.dll+0x1c5f04]
V  [jvm.dll+0x2569ac]
V  [jvm.dll+0x254ef6]
V  [jvm.dll+0x3f0e96]
V  [jvm.dll+0x806ed8]
V  [jvm.dll+0x6cef0d]
C  [ucrtbase.dll+0x37b0]
C  [KERNEL32.DLL+0x2e8d7]
C  [ntdll.dll+0x8c53c]


---------------  P R O C E S S  ---------------

Threads class SMR info:
_java_thread_list=0x0000020604c1d4b0, length=56, elements={
0x000002066bd847a0, 0x000002067d87bd60, 0x000002067d8aba20, 0x000002067d8ae3a0,
0x000002067d8c1390, 0x000002067d8c19f0, 0x000002067d8c2440, 0x000002067d8c3d30,
0x000002067d8c8ad0, 0x000002067da0bee0, 0x000002067dc4dd30, 0x000002067dac4050,
0x000002067dcd4ab0, 0x000002067da5bfb0, 0x00000206041bf6e0, 0x000002067dde6c80,
0x000002067e0d3110, 0x000002067e0e4110, 0x000002066b787480, 0x00000206042005b0,
0x0000020604200c40, 0x00000206041ff890, 0x0000020604201ff0, 0x00000206042012d0,
0x00000206041fff20, 0x0000020604202680, 0x00000206041ff200, 0x000002060495bb00,
0x000002060495a750, 0x000002060495e260, 0x000002060495d540, 0x000002060495dbd0,
0x000002060495ceb0, 0x000002060495c190, 0x000002060495ade0, 0x000002060495b470,
0x000002060495e8f0, 0x000002060495ef80, 0x000002060495f610, 0x000002060495fca0,
0x000002060495c820, 0x00000206049609c0, 0x0000020604960330, 0x0000020604961050,
0x00000206049616e0, 0x0000020606276370, 0x0000020606278440, 0x0000020606278ad0,
0x0000020606277db0, 0x0000020606277090, 0x0000020606279160, 0x0000020606276a00,
0x0000020606275ce0, 0x000002060627aba0, 0x00000206062797f0, 0x0000020606279e80
}

Java Threads: ( => current thread )
  0x000002066bd847a0 JavaThread "main"                              [_thread_blocked, id=18560, stack(0x0000007397500000,0x0000007397600000) (1024K)]
  0x000002067d87bd60 JavaThread "Reference Handler"          daemon [_thread_blocked, id=27676, stack(0x0000007397d00000,0x0000007397e00000) (1024K)]
  0x000002067d8aba20 JavaThread "Finalizer"                  daemon [_thread_blocked, id=15844, stack(0x0000007397e00000,0x0000007397f00000) (1024K)]
  0x000002067d8ae3a0 JavaThread "Signal Dispatcher"          daemon [_thread_blocked, id=32308, stack(0x0000007397f00000,0x0000007398000000) (1024K)]
  0x000002067d8c1390 JavaThread "Attach Listener"            daemon [_thread_blocked, id=29152, stack(0x0000007398000000,0x0000007398100000) (1024K)]
  0x000002067d8c19f0 JavaThread "Service Thread"             daemon [_thread_blocked, id=25396, stack(0x0000007398100000,0x0000007398200000) (1024K)]
  0x000002067d8c2440 JavaThread "Monitor Deflation Thread"   daemon [_thread_blocked, id=28924, stack(0x0000007398200000,0x0000007398300000) (1024K)]
=>0x000002067d8c3d30 JavaThread "C2 CompilerThread0"         daemon [_thread_in_native, id=26056, stack(0x0000007398300000,0x0000007398400000) (1024K)]
  0x000002067d8c8ad0 JavaThread "C1 CompilerThread0"         daemon [_thread_blocked, id=29376, stack(0x0000007398400000,0x0000007398500000) (1024K)]
  0x000002067da0bee0 JavaThread "Common-Cleaner"             daemon [_thread_blocked, id=25184, stack(0x0000007398500000,0x0000007398600000) (1024K)]
  0x000002067dc4dd30 JavaThread "Notification Thread"        daemon [_thread_blocked, id=10672, stack(0x0000007398600000,0x0000007398700000) (1024K)]
  0x000002067dac4050 JavaThread "Daemon health stats"               [_thread_blocked, id=33268, stack(0x0000007398c00000,0x0000007398d00000) (1024K)]
  0x000002067dcd4ab0 JavaThread "Incoming local TCP Connector on port 60891"        [_thread_in_native, id=26580, stack(0x0000007398d00000,0x0000007398e00000) (1024K)]
  0x000002067da5bfb0 JavaThread "Daemon periodic checks"            [_thread_blocked, id=27856, stack(0x0000007398e00000,0x0000007398f00000) (1024K)]
  0x00000206041bf6e0 JavaThread "Daemon"                            [_thread_blocked, id=14252, stack(0x0000007398f00000,0x0000007399000000) (1024K)]
  0x000002067dde6c80 JavaThread "Handler for socket connection from /127.0.0.1:60891 to /127.0.0.1:60892"        [_thread_in_native, id=22832, stack(0x0000007399000000,0x0000007399100000) (1024K)]
  0x000002067e0d3110 JavaThread "Cancel handler"                    [_thread_blocked, id=28872, stack(0x0000007399100000,0x0000007399200000) (1024K)]
  0x000002067e0e4110 JavaThread "Daemon worker"                     [_thread_in_native, id=32196, stack(0x0000007399200000,0x0000007399300000) (1024K)]
  0x000002066b787480 JavaThread "Asynchronous log dispatcher for DefaultDaemonConnection: socket connection from /127.0.0.1:60891 to /127.0.0.1:60892"        [_thread_blocked, id=5468, stack(0x0000007399300000,0x0000007399400000) (1024K)]
  0x00000206042005b0 JavaThread "Stdin handler"                     [_thread_blocked, id=16096, stack(0x0000007399400000,0x0000007399500000) (1024K)]
  0x0000020604200c40 JavaThread "Daemon client event forwarder"        [_thread_blocked, id=24760, stack(0x0000007399500000,0x0000007399600000) (1024K)]
  0x00000206041ff890 JavaThread "Cache worker for journal cache (C:\Users\USER\.gradle\caches\journal-1)"        [_thread_blocked, id=13288, stack(0x0000007399900000,0x0000007399a00000) (1024K)]
  0x0000020604201ff0 JavaThread "File lock request listener"        [_thread_in_native, id=23304, stack(0x0000007399a00000,0x0000007399b00000) (1024K)]
  0x00000206042012d0 JavaThread "Cache worker for file hash cache (C:\Users\USER\.gradle\caches\8.12\fileHashes)"        [_thread_blocked, id=13608, stack(0x0000007399b00000,0x0000007399c00000) (1024K)]
  0x00000206041fff20 JavaThread "Cache worker for file hash cache (C:\Gabay\android\.gradle\8.12\fileHashes)"        [_thread_blocked, id=18940, stack(0x0000007399c00000,0x0000007399d00000) (1024K)]
  0x0000020604202680 JavaThread "Cache worker for Build Output Cleanup Cache (C:\Gabay\android\.gradle\buildOutputCleanup)"        [_thread_blocked, id=26644, stack(0x0000007399d00000,0x0000007399e00000) (1024K)]
  0x00000206041ff200 JavaThread "File watcher server"        daemon [_thread_in_native, id=29384, stack(0x0000007399e00000,0x0000007399f00000) (1024K)]
  0x000002060495bb00 JavaThread "File watcher consumer"      daemon [_thread_blocked, id=9232, stack(0x0000007399f00000,0x000000739a000000) (1024K)]
  0x000002060495a750 JavaThread "Cache worker for checksums cache (C:\Gabay\android\.gradle\8.12\checksums)"        [_thread_blocked, id=33508, stack(0x000000739a100000,0x000000739a200000) (1024K)]
  0x000002060495e260 JavaThread "Cache worker for file content cache (C:\Users\USER\.gradle\caches\8.12\fileContent)"        [_thread_blocked, id=23004, stack(0x000000739a200000,0x000000739a300000) (1024K)]
  0x000002060495d540 JavaThread "Cache worker for cache directory md-rule (C:\Users\USER\.gradle\caches\8.12\md-rule)"        [_thread_blocked, id=26148, stack(0x000000739a300000,0x000000739a400000) (1024K)]
  0x000002060495dbd0 JavaThread "Cache worker for cache directory md-supplier (C:\Users\USER\.gradle\caches\8.12\md-supplier)"        [_thread_blocked, id=32012, stack(0x000000739a400000,0x000000739a500000) (1024K)]
  0x000002060495ceb0 JavaThread "Cache worker for Build Output Cleanup Cache (C:\flutter\packages\flutter_tools\gradle\.gradle\buildOutputCleanup)"        [_thread_blocked, id=31344, stack(0x000000739a000000,0x000000739a100000) (1024K)]
  0x000002060495c190 JavaThread "Unconstrained build operations"        [_thread_blocked, id=9944, stack(0x000000739a500000,0x000000739a600000) (1024K)]
  0x000002060495ade0 JavaThread "Unconstrained build operations Thread 2"        [_thread_blocked, id=29596, stack(0x000000739a600000,0x000000739a700000) (1024K)]
  0x000002060495b470 JavaThread "Unconstrained build operations Thread 3"        [_thread_blocked, id=10084, stack(0x000000739a700000,0x000000739a800000) (1024K)]
  0x000002060495e8f0 JavaThread "Unconstrained build operations Thread 4"        [_thread_blocked, id=9588, stack(0x000000739a800000,0x000000739a900000) (1024K)]
  0x000002060495ef80 JavaThread "Unconstrained build operations Thread 5"        [_thread_blocked, id=23376, stack(0x000000739a900000,0x000000739aa00000) (1024K)]
  0x000002060495f610 JavaThread "Unconstrained build operations Thread 6"        [_thread_blocked, id=25908, stack(0x000000739aa00000,0x000000739ab00000) (1024K)]
  0x000002060495fca0 JavaThread "Unconstrained build operations Thread 7"        [_thread_blocked, id=16352, stack(0x000000739ab00000,0x000000739ac00000) (1024K)]
  0x000002060495c820 JavaThread "Unconstrained build operations Thread 8"        [_thread_blocked, id=7684, stack(0x000000739ac00000,0x000000739ad00000) (1024K)]
  0x00000206049609c0 JavaThread "Unconstrained build operations Thread 9"        [_thread_blocked, id=11980, stack(0x000000739ad00000,0x000000739ae00000) (1024K)]
  0x0000020604960330 JavaThread "Unconstrained build operations Thread 10"        [_thread_blocked, id=13244, stack(0x000000739ae00000,0x000000739af00000) (1024K)]
  0x0000020604961050 JavaThread "Unconstrained build operations Thread 11"        [_thread_blocked, id=10616, stack(0x000000739af00000,0x000000739b000000) (1024K)]
  0x00000206049616e0 JavaThread "Unconstrained build operations Thread 12"        [_thread_blocked, id=21072, stack(0x000000739b000000,0x000000739b100000) (1024K)]
  0x0000020606276370 JavaThread "Unconstrained build operations Thread 13"        [_thread_blocked, id=25592, stack(0x000000739b100000,0x000000739b200000) (1024K)]
  0x0000020606278440 JavaThread "Unconstrained build operations Thread 14"        [_thread_blocked, id=21024, stack(0x000000739b200000,0x000000739b300000) (1024K)]
  0x0000020606278ad0 JavaThread "Unconstrained build operations Thread 15"        [_thread_blocked, id=31164, stack(0x000000739b300000,0x000000739b400000) (1024K)]
  0x0000020606277db0 JavaThread "Unconstrained build operations Thread 16"        [_thread_blocked, id=23988, stack(0x000000739b400000,0x000000739b500000) (1024K)]
  0x0000020606277090 JavaThread "Unconstrained build operations Thread 17"        [_thread_blocked, id=27088, stack(0x000000739b500000,0x000000739b600000) (1024K)]
  0x0000020606279160 JavaThread "Unconstrained build operations Thread 18"        [_thread_blocked, id=23628, stack(0x000000739b600000,0x000000739b700000) (1024K)]
  0x0000020606276a00 JavaThread "Unconstrained build operations Thread 19"        [_thread_blocked, id=29224, stack(0x000000739b700000,0x000000739b800000) (1024K)]
  0x0000020606275ce0 JavaThread "Unconstrained build operations Thread 20"        [_thread_blocked, id=27320, stack(0x000000739b800000,0x000000739b900000) (1024K)]
  0x000002060627aba0 JavaThread "Unconstrained build operations Thread 21"        [_thread_blocked, id=33760, stack(0x000000739b900000,0x000000739ba00000) (1024K)]
  0x00000206062797f0 JavaThread "Memory manager"                    [_thread_blocked, id=19748, stack(0x000000739ba00000,0x000000739bb00000) (1024K)]
  0x0000020606279e80 JavaThread "build event listener"              [_thread_blocked, id=11268, stack(0x000000739bb00000,0x000000739bc00000) (1024K)]
Total: 56

Other Threads:
  0x000002067d6ce5a0 VMThread "VM Thread"                           [id=13484, stack(0x0000007397c00000,0x0000007397d00000) (1024K)]
  0x000002067d687900 WatcherThread "VM Periodic Task Thread"        [id=19148, stack(0x0000007397b00000,0x0000007397c00000) (1024K)]
  0x000002066bdcc570 WorkerThread "GC Thread#0"                     [id=21412, stack(0x0000007397600000,0x0000007397700000) (1024K)]
  0x000002067df768f0 WorkerThread "GC Thread#1"                     [id=2040, stack(0x0000007398700000,0x0000007398800000) (1024K)]
  0x000002067dd37690 WorkerThread "GC Thread#2"                     [id=23344, stack(0x0000007398800000,0x0000007398900000) (1024K)]
  0x000002067e7eddf0 WorkerThread "GC Thread#3"                     [id=22656, stack(0x0000007398900000,0x0000007398a00000) (1024K)]
  0x000002067e6d96f0 WorkerThread "GC Thread#4"                     [id=15260, stack(0x0000007398a00000,0x0000007398b00000) (1024K)]
  0x000002067f26d2a0 WorkerThread "GC Thread#5"                     [id=17364, stack(0x0000007398b00000,0x0000007398c00000) (1024K)]
  0x000002067f3a32c0 WorkerThread "GC Thread#6"                     [id=29060, stack(0x0000007399600000,0x0000007399700000) (1024K)]
  0x000002067f3a1960 WorkerThread "GC Thread#7"                     [id=16844, stack(0x0000007399700000,0x0000007399800000) (1024K)]
  0x000002066bdd9460 ConcurrentGCThread "G1 Main Marker"            [id=22652, stack(0x0000007397700000,0x0000007397800000) (1024K)]
  0x000002066bdd9e70 WorkerThread "G1 Conc#0"                       [id=3132, stack(0x0000007397800000,0x0000007397900000) (1024K)]
  0x000002067f3a2b80 WorkerThread "G1 Conc#1"                       [id=22020, stack(0x0000007399800000,0x0000007399900000) (1024K)]
  0x000002067d55a510 ConcurrentGCThread "G1 Refine#0"               [id=28108, stack(0x0000007397900000,0x0000007397a00000) (1024K)]
  0x000002067d55ae30 ConcurrentGCThread "G1 Service"                [id=23516, stack(0x0000007397a00000,0x0000007397b00000) (1024K)]
Total: 15

Threads with active compile tasks:
C2 CompilerThread0  36714 7905 %     4       org.gradle.internal.instantiation.generator.AbstractClassGenerator::inspectType @ 107 (560 bytes)
Total: 1

VM state: not at safepoint (normal execution)

VM Mutex/Monitor currently owned by a thread: None

Heap address: 0x00000000a0000000, size: 1536 MB, Compressed Oops mode: 32-bit

CDS archive(s) not mapped
Compressed class space mapped at: 0x0000000100000000-0x000000010d000000, reserved size: 218103808
Narrow klass base: 0x0000000000000000, Narrow klass shift: 3, Narrow klass range: 0x10d000000

GC Precious Log:
 CardTable entry size: 512
 Card Set container configuration: InlinePtr #cards 5 size 8 Array Of Cards #cards 12 size 40 Howl #buckets 4 coarsen threshold 1843 Howl Bitmap #cards 512 size 80 coarsen threshold 460 Card regions per heap region 1 cards per card region 2048
 CPUs: 8 total, 8 available
 Memory: 7413M
 Large Page Support: Disabled
 NUMA Support: Disabled
 Compressed Oops: Enabled (32-bit)
 Heap Region Size: 1M
 Heap Min Capacity: 8M
 Heap Initial Capacity: 116M
 Heap Max Capacity: 1536M
 Pre-touch: Disabled
 Parallel Workers: 8
 Concurrent Workers: 2
 Concurrent Refinement Workers: 8
 Periodic GC: Disabled

Heap:
 garbage-first heap   total 107520K, used 70163K [0x00000000a0000000, 0x0000000100000000)
  region size 1024K, 8 young (8192K), 3 survivors (3072K)
 Metaspace       used 78740K, committed 80640K, reserved 344064K
  class space    used 10904K, committed 11840K, reserved 212992K

Heap Regions: E=young(eden), S=young(survivor), O=old, HS=humongous(starts), HC=humongous(continues), CS=collection set, F=free, TAMS=top-at-mark-start, PB=parsable bottom
|   0|0x00000000a0000000, 0x00000000a0100000, 0x00000000a0100000|100%| O|  |TAMS 0x00000000a0000000| PB 0x00000000a0000000| Untracked 
|   1|0x00000000a0100000, 0x00000000a0200000, 0x00000000a0200000|100%|HS|  |TAMS 0x00000000a0100000| PB 0x00000000a0100000| Complete 
|   2|0x00000000a0200000, 0x00000000a0300000, 0x00000000a0300000|100%|HC|  |TAMS 0x00000000a0200000| PB 0x00000000a0200000| Complete 
|   3|0x00000000a0300000, 0x00000000a0400000, 0x00000000a0400000|100%|HC|  |TAMS 0x00000000a0300000| PB 0x00000000a0300000| Complete 
|   4|0x00000000a0400000, 0x00000000a0500000, 0x00000000a0500000|100%| O|  |TAMS 0x00000000a0400000| PB 0x00000000a0400000| Untracked 
|   5|0x00000000a0500000, 0x00000000a0600000, 0x00000000a0600000|100%| O|  |TAMS 0x00000000a0500000| PB 0x00000000a0500000| Untracked 
|   6|0x00000000a0600000, 0x00000000a0700000, 0x00000000a0700000|100%| O|  |TAMS 0x00000000a0600000| PB 0x00000000a0600000| Untracked 
|   7|0x00000000a0700000, 0x00000000a0800000, 0x00000000a0800000|100%|HS|  |TAMS 0x00000000a0700000| PB 0x00000000a0700000| Complete 
|   8|0x00000000a0800000, 0x00000000a0900000, 0x00000000a0900000|100%| O|  |TAMS 0x00000000a0800000| PB 0x00000000a0800000| Untracked 
|   9|0x00000000a0900000, 0x00000000a0a00000, 0x00000000a0a00000|100%| O|  |TAMS 0x00000000a0900000| PB 0x00000000a0900000| Untracked 
|  10|0x00000000a0a00000, 0x00000000a0b00000, 0x00000000a0b00000|100%| O|  |TAMS 0x00000000a0a00000| PB 0x00000000a0a00000| Untracked 
|  11|0x00000000a0b00000, 0x00000000a0c00000, 0x00000000a0c00000|100%| O|  |TAMS 0x00000000a0b00000| PB 0x00000000a0b00000| Untracked 
|  12|0x00000000a0c00000, 0x00000000a0d00000, 0x00000000a0d00000|100%| O|  |TAMS 0x00000000a0c00000| PB 0x00000000a0c00000| Untracked 
|  13|0x00000000a0d00000, 0x00000000a0e00000, 0x00000000a0e00000|100%| O|  |TAMS 0x00000000a0d00000| PB 0x00000000a0d00000| Untracked 
|  14|0x00000000a0e00000, 0x00000000a0f00000, 0x00000000a0f00000|100%| O|  |TAMS 0x00000000a0e00000| PB 0x00000000a0e00000| Untracked 
|  15|0x00000000a0f00000, 0x00000000a1000000, 0x00000000a1000000|100%| O|  |TAMS 0x00000000a0f00000| PB 0x00000000a0f00000| Untracked 
|  16|0x00000000a1000000, 0x00000000a1100000, 0x00000000a1100000|100%| O|  |TAMS 0x00000000a1000000| PB 0x00000000a1000000| Untracked 
|  17|0x00000000a1100000, 0x00000000a1200000, 0x00000000a1200000|100%| O|Cm|TAMS 0x00000000a1100000| PB 0x00000000a1100000| Complete 
|  18|0x00000000a1200000, 0x00000000a1300000, 0x00000000a1300000|100%| O|  |TAMS 0x00000000a1200000| PB 0x00000000a1200000| Untracked 
|  19|0x00000000a1300000, 0x00000000a1400000, 0x00000000a1400000|100%| O|  |TAMS 0x00000000a1300000| PB 0x00000000a1300000| Untracked 
|  20|0x00000000a1400000, 0x00000000a1500000, 0x00000000a1500000|100%| O|  |TAMS 0x00000000a1400000| PB 0x00000000a1400000| Untracked 
|  21|0x00000000a1500000, 0x00000000a1600000, 0x00000000a1600000|100%| O|  |TAMS 0x00000000a1500000| PB 0x00000000a1500000| Untracked 
|  22|0x00000000a1600000, 0x00000000a1700000, 0x00000000a1700000|100%| O|  |TAMS 0x00000000a1600000| PB 0x00000000a1600000| Untracked 
|  23|0x00000000a1700000, 0x00000000a1800000, 0x00000000a1800000|100%| O|  |TAMS 0x00000000a1700000| PB 0x00000000a1700000| Untracked 
|  24|0x00000000a1800000, 0x00000000a1900000, 0x00000000a1900000|100%| O|  |TAMS 0x00000000a1800000| PB 0x00000000a1800000| Untracked 
|  25|0x00000000a1900000, 0x00000000a1a00000, 0x00000000a1a00000|100%| O|  |TAMS 0x00000000a1900000| PB 0x00000000a1900000| Untracked 
|  26|0x00000000a1a00000, 0x00000000a1b00000, 0x00000000a1b00000|100%| O|  |TAMS 0x00000000a1a00000| PB 0x00000000a1a00000| Untracked 
|  27|0x00000000a1b00000, 0x00000000a1c00000, 0x00000000a1c00000|100%| O|  |TAMS 0x00000000a1b00000| PB 0x00000000a1b00000| Untracked 
|  28|0x00000000a1c00000, 0x00000000a1d00000, 0x00000000a1d00000|100%| O|  |TAMS 0x00000000a1c00000| PB 0x00000000a1c00000| Untracked 
|  29|0x00000000a1d00000, 0x00000000a1e00000, 0x00000000a1e00000|100%| O|  |TAMS 0x00000000a1d00000| PB 0x00000000a1d00000| Untracked 
|  30|0x00000000a1e00000, 0x00000000a1f00000, 0x00000000a1f00000|100%| O|  |TAMS 0x00000000a1e00000| PB 0x00000000a1e00000| Untracked 
|  31|0x00000000a1f00000, 0x00000000a2000000, 0x00000000a2000000|100%| O|  |TAMS 0x00000000a1f00000| PB 0x00000000a1f00000| Untracked 
|  32|0x00000000a2000000, 0x00000000a2100000, 0x00000000a2100000|100%| O|  |TAMS 0x00000000a2000000| PB 0x00000000a2000000| Untracked 
|  33|0x00000000a2100000, 0x00000000a2200000, 0x00000000a2200000|100%| O|  |TAMS 0x00000000a2100000| PB 0x00000000a2100000| Untracked 
|  34|0x00000000a2200000, 0x00000000a2300000, 0x00000000a2300000|100%| O|  |TAMS 0x00000000a2200000| PB 0x00000000a2200000| Untracked 
|  35|0x00000000a2300000, 0x00000000a2400000, 0x00000000a2400000|100%| O|  |TAMS 0x00000000a2300000| PB 0x00000000a2300000| Untracked 
|  36|0x00000000a2400000, 0x00000000a2500000, 0x00000000a2500000|100%| O|  |TAMS 0x00000000a2400000| PB 0x00000000a2400000| Untracked 
|  37|0x00000000a2500000, 0x00000000a2600000, 0x00000000a2600000|100%|HS|  |TAMS 0x00000000a2500000| PB 0x00000000a2500000| Complete 
|  38|0x00000000a2600000, 0x00000000a2700000, 0x00000000a2700000|100%|HC|  |TAMS 0x00000000a2600000| PB 0x00000000a2600000| Complete 
|  39|0x00000000a2700000, 0x00000000a2800000, 0x00000000a2800000|100%| O|  |TAMS 0x00000000a2700000| PB 0x00000000a2700000| Untracked 
|  40|0x00000000a2800000, 0x00000000a2900000, 0x00000000a2900000|100%| O|  |TAMS 0x00000000a2800000| PB 0x00000000a2800000| Untracked 
|  41|0x00000000a2900000, 0x00000000a2a00000, 0x00000000a2a00000|100%| O|  |TAMS 0x00000000a2900000| PB 0x00000000a2900000| Untracked 
|  42|0x00000000a2a00000, 0x00000000a2b00000, 0x00000000a2b00000|100%| O|Cm|TAMS 0x00000000a2a00000| PB 0x00000000a2a00000| Complete 
|  43|0x00000000a2b00000, 0x00000000a2c00000, 0x00000000a2c00000|100%| O|  |TAMS 0x00000000a2b00000| PB 0x00000000a2b00000| Untracked 
|  44|0x00000000a2c00000, 0x00000000a2d00000, 0x00000000a2d00000|100%|HS|  |TAMS 0x00000000a2c00000| PB 0x00000000a2c00000| Complete 
|  45|0x00000000a2d00000, 0x00000000a2e00000, 0x00000000a2e00000|100%|HC|  |TAMS 0x00000000a2d00000| PB 0x00000000a2d00000| Complete 
|  46|0x00000000a2e00000, 0x00000000a2f00000, 0x00000000a2f00000|100%|HS|  |TAMS 0x00000000a2e00000| PB 0x00000000a2e00000| Complete 
|  47|0x00000000a2f00000, 0x00000000a3000000, 0x00000000a3000000|100%|HC|  |TAMS 0x00000000a2f00000| PB 0x00000000a2f00000| Complete 
|  48|0x00000000a3000000, 0x00000000a3100000, 0x00000000a3100000|100%|HC|  |TAMS 0x00000000a3000000| PB 0x00000000a3000000| Complete 
|  49|0x00000000a3100000, 0x00000000a3200000, 0x00000000a3200000|100%| O|  |TAMS 0x00000000a3100000| PB 0x00000000a3100000| Untracked 
|  50|0x00000000a3200000, 0x00000000a3300000, 0x00000000a3300000|100%|HS|  |TAMS 0x00000000a3200000| PB 0x00000000a3200000| Complete 
|  51|0x00000000a3300000, 0x00000000a3400000, 0x00000000a3400000|100%|HC|  |TAMS 0x00000000a3300000| PB 0x00000000a3300000| Complete 
|  52|0x00000000a3400000, 0x00000000a3500000, 0x00000000a3500000|100%|HC|  |TAMS 0x00000000a3400000| PB 0x00000000a3400000| Complete 
|  53|0x00000000a3500000, 0x00000000a3600000, 0x00000000a3600000|100%| O|  |TAMS 0x00000000a3500000| PB 0x00000000a3500000| Untracked 
|  54|0x00000000a3600000, 0x00000000a3700000, 0x00000000a3700000|100%| O|  |TAMS 0x00000000a3600000| PB 0x00000000a3600000| Untracked 
|  55|0x00000000a3700000, 0x00000000a3800000, 0x00000000a3800000|100%| O|  |TAMS 0x00000000a3700000| PB 0x00000000a3700000| Untracked 
|  56|0x00000000a3800000, 0x00000000a38c3f98, 0x00000000a3900000| 76%| O|  |TAMS 0x00000000a3800000| PB 0x00000000a3800000| Untracked 
|  57|0x00000000a3900000, 0x00000000a3900000, 0x00000000a3a00000|  0%| F|  |TAMS 0x00000000a3900000| PB 0x00000000a3900000| Untracked 
|  58|0x00000000a3a00000, 0x00000000a3a00000, 0x00000000a3b00000|  0%| F|  |TAMS 0x00000000a3a00000| PB 0x00000000a3a00000| Untracked 
|  59|0x00000000a3b00000, 0x00000000a3b00000, 0x00000000a3c00000|  0%| F|  |TAMS 0x00000000a3b00000| PB 0x00000000a3b00000| Untracked 
|  60|0x00000000a3c00000, 0x00000000a3c00000, 0x00000000a3d00000|  0%| F|  |TAMS 0x00000000a3c00000| PB 0x00000000a3c00000| Untracked 
|  61|0x00000000a3d00000, 0x00000000a3d00000, 0x00000000a3e00000|  0%| F|  |TAMS 0x00000000a3d00000| PB 0x00000000a3d00000| Untracked 
|  62|0x00000000a3e00000, 0x00000000a3e00000, 0x00000000a3f00000|  0%| F|  |TAMS 0x00000000a3e00000| PB 0x00000000a3e00000| Untracked 
|  63|0x00000000a3f00000, 0x00000000a3f00000, 0x00000000a4000000|  0%| F|  |TAMS 0x00000000a3f00000| PB 0x00000000a3f00000| Untracked 
|  64|0x00000000a4000000, 0x00000000a4000000, 0x00000000a4100000|  0%| F|  |TAMS 0x00000000a4000000| PB 0x00000000a4000000| Untracked 
|  65|0x00000000a4100000, 0x00000000a4100000, 0x00000000a4200000|  0%| F|  |TAMS 0x00000000a4100000| PB 0x00000000a4100000| Untracked 
|  66|0x00000000a4200000, 0x00000000a4200000, 0x00000000a4300000|  0%| F|  |TAMS 0x00000000a4200000| PB 0x00000000a4200000| Untracked 
|  67|0x00000000a4300000, 0x00000000a4300000, 0x00000000a4400000|  0%| F|  |TAMS 0x00000000a4300000| PB 0x00000000a4300000| Untracked 
|  68|0x00000000a4400000, 0x00000000a4400000, 0x00000000a4500000|  0%| F|  |TAMS 0x00000000a4400000| PB 0x00000000a4400000| Untracked 
|  69|0x00000000a4500000, 0x00000000a4500000, 0x00000000a4600000|  0%| F|  |TAMS 0x00000000a4500000| PB 0x00000000a4500000| Untracked 
|  70|0x00000000a4600000, 0x00000000a4600000, 0x00000000a4700000|  0%| F|  |TAMS 0x00000000a4600000| PB 0x00000000a4600000| Untracked 
|  71|0x00000000a4700000, 0x00000000a4700000, 0x00000000a4800000|  0%| F|  |TAMS 0x00000000a4700000| PB 0x00000000a4700000| Untracked 
|  72|0x00000000a4800000, 0x00000000a4800000, 0x00000000a4900000|  0%| F|  |TAMS 0x00000000a4800000| PB 0x00000000a4800000| Untracked 
|  73|0x00000000a4900000, 0x00000000a4900000, 0x00000000a4a00000|  0%| F|  |TAMS 0x00000000a4900000| PB 0x00000000a4900000| Untracked 
|  74|0x00000000a4a00000, 0x00000000a4a00000, 0x00000000a4b00000|  0%| F|  |TAMS 0x00000000a4a00000| PB 0x00000000a4a00000| Untracked 
|  75|0x00000000a4b00000, 0x00000000a4b00000, 0x00000000a4c00000|  0%| F|  |TAMS 0x00000000a4b00000| PB 0x00000000a4b00000| Untracked 
|  76|0x00000000a4c00000, 0x00000000a4cc0ee0, 0x00000000a4d00000| 75%| S|CS|TAMS 0x00000000a4c00000| PB 0x00000000a4c00000| Complete 
|  77|0x00000000a4d00000, 0x00000000a4e00000, 0x00000000a4e00000|100%| S|CS|TAMS 0x00000000a4d00000| PB 0x00000000a4d00000| Complete 
|  78|0x00000000a4e00000, 0x00000000a4f00000, 0x00000000a4f00000|100%| S|CS|TAMS 0x00000000a4e00000| PB 0x00000000a4e00000| Complete 
|  79|0x00000000a4f00000, 0x00000000a4f00000, 0x00000000a5000000|  0%| F|  |TAMS 0x00000000a4f00000| PB 0x00000000a4f00000| Untracked 
|  80|0x00000000a5000000, 0x00000000a5000000, 0x00000000a5100000|  0%| F|  |TAMS 0x00000000a5000000| PB 0x00000000a5000000| Untracked 
|  81|0x00000000a5100000, 0x00000000a5100000, 0x00000000a5200000|  0%| F|  |TAMS 0x00000000a5100000| PB 0x00000000a5100000| Untracked 
|  82|0x00000000a5200000, 0x00000000a5200000, 0x00000000a5300000|  0%| F|  |TAMS 0x00000000a5200000| PB 0x00000000a5200000| Untracked 
|  83|0x00000000a5300000, 0x00000000a5300000, 0x00000000a5400000|  0%| F|  |TAMS 0x00000000a5300000| PB 0x00000000a5300000| Untracked 
|  84|0x00000000a5400000, 0x00000000a5400000, 0x00000000a5500000|  0%| F|  |TAMS 0x00000000a5400000| PB 0x00000000a5400000| Untracked 
|  85|0x00000000a5500000, 0x00000000a5500000, 0x00000000a5600000|  0%| F|  |TAMS 0x00000000a5500000| PB 0x00000000a5500000| Untracked 
|  86|0x00000000a5600000, 0x00000000a5600000, 0x00000000a5700000|  0%| F|  |TAMS 0x00000000a5600000| PB 0x00000000a5600000| Untracked 
|  87|0x00000000a5700000, 0x00000000a5700000, 0x00000000a5800000|  0%| F|  |TAMS 0x00000000a5700000| PB 0x00000000a5700000| Untracked 
|  88|0x00000000a5800000, 0x00000000a5800000, 0x00000000a5900000|  0%| F|  |TAMS 0x00000000a5800000| PB 0x00000000a5800000| Untracked 
|  89|0x00000000a5900000, 0x00000000a5900000, 0x00000000a5a00000|  0%| F|  |TAMS 0x00000000a5900000| PB 0x00000000a5900000| Untracked 
|  90|0x00000000a5a00000, 0x00000000a5a00000, 0x00000000a5b00000|  0%| F|  |TAMS 0x00000000a5a00000| PB 0x00000000a5a00000| Untracked 
|  91|0x00000000a5b00000, 0x00000000a5b00000, 0x00000000a5c00000|  0%| F|  |TAMS 0x00000000a5b00000| PB 0x00000000a5b00000| Untracked 
|  92|0x00000000a5c00000, 0x00000000a5c00000, 0x00000000a5d00000|  0%| F|  |TAMS 0x00000000a5c00000| PB 0x00000000a5c00000| Untracked 
|  93|0x00000000a5d00000, 0x00000000a5d00000, 0x00000000a5e00000|  0%| F|  |TAMS 0x00000000a5d00000| PB 0x00000000a5d00000| Untracked 
|  94|0x00000000a5e00000, 0x00000000a5e00000, 0x00000000a5f00000|  0%| F|  |TAMS 0x00000000a5e00000| PB 0x00000000a5e00000| Untracked 
|  95|0x00000000a5f00000, 0x00000000a6000000, 0x00000000a6000000|100%| E|  |TAMS 0x00000000a5f00000| PB 0x00000000a5f00000| Complete 
|  96|0x00000000a6000000, 0x00000000a6100000, 0x00000000a6100000|100%| E|CS|TAMS 0x00000000a6000000| PB 0x00000000a6000000| Complete 
|  97|0x00000000a6100000, 0x00000000a6200000, 0x00000000a6200000|100%| E|CS|TAMS 0x00000000a6100000| PB 0x00000000a6100000| Complete 
|  98|0x00000000a6200000, 0x00000000a6300000, 0x00000000a6300000|100%| E|CS|TAMS 0x00000000a6200000| PB 0x00000000a6200000| Complete 
| 115|0x00000000a7300000, 0x00000000a7400000, 0x00000000a7400000|100%| E|CS|TAMS 0x00000000a7300000| PB 0x00000000a7300000| Complete 
|1531|0x00000000ffb00000, 0x00000000ffc00000, 0x00000000ffc00000|100%| O|  |TAMS 0x00000000ffb00000| PB 0x00000000ffb00000| Untracked 
|1532|0x00000000ffc00000, 0x00000000ffd00000, 0x00000000ffd00000|100%| O|  |TAMS 0x00000000ffc00000| PB 0x00000000ffc00000| Untracked 
|1533|0x00000000ffd00000, 0x00000000ffe00000, 0x00000000ffe00000|100%| O|  |TAMS 0x00000000ffd00000| PB 0x00000000ffd00000| Untracked 
|1534|0x00000000ffe00000, 0x00000000fff00000, 0x00000000fff00000|100%| O|  |TAMS 0x00000000ffe00000| PB 0x00000000ffe00000| Untracked 
|1535|0x00000000fff00000, 0x0000000100000000, 0x0000000100000000|100%| O|  |TAMS 0x00000000fff00000| PB 0x00000000fff00000| Untracked 

Card table byte_map: [0x0000020679180000,0x0000020679480000] _byte_map_base: 0x0000020678c80000

Marking Bits: (CMBitMap*) 0x000002066bdccb80
 Bits: [0x0000020679480000, 0x000002067ac80000)

Polling page: 0x000002066bb00000

Metaspace:

Usage:
  Non-class:     66.27 MB used.
      Class:     10.65 MB used.
       Both:     76.92 MB used.

Virtual space:
  Non-class space:      128.00 MB reserved,      67.19 MB ( 52%) committed,  2 nodes.
      Class space:      208.00 MB reserved,      11.56 MB (  6%) committed,  1 nodes.
             Both:      336.00 MB reserved,      78.75 MB ( 23%) committed. 

Chunk freelists:
   Non-Class:  12.33 MB
       Class:  4.33 MB
        Both:  16.66 MB

MaxMetaspaceSize: 256.00 MB
CompressedClassSpaceSize: 208.00 MB
Initial GC threshold: 21.00 MB
Current GC threshold: 128.88 MB
CDS: off
 - commit_granule_bytes: 65536.
 - commit_granule_words: 8192.
 - virtual_space_node_default_size: 8388608.
 - enlarge_chunks_in_place: 1.
 - use_allocation_guard: 0.


Internal statistics:

num_allocs_failed_limit: 9.
num_arena_births: 3586.
num_arena_deaths: 0.
num_vsnodes_births: 3.
num_vsnodes_deaths: 0.
num_space_committed: 1260.
num_space_uncommitted: 0.
num_chunks_returned_to_freelist: 9.
num_chunks_taken_from_freelist: 6960.
num_chunk_merges: 9.
num_chunk_splits: 4472.
num_chunks_enlarged: 2697.
num_inconsistent_stats: 0.

CodeCache: size=131072Kb used=18194Kb max_used=18194Kb free=112877Kb
 bounds [0x00000206704f0000, 0x00000206716c0000, 0x00000206784f0000]
 total_blobs=7531 nmethods=6737 adapters=696
 compilation: enabled
              stopped_count=0, restarted_count=0
 full_count=0

Compilation events (20 events):
Event: 35.351 Thread 0x000002067d8c3d30 nmethod 7903 0x0000020671562c90 code [0x0000020671562e20, 0x0000020671562f18]
Event: 35.351 Thread 0x000002067d8c3d30 7904       4       sun.reflect.generics.visitor.Reifier::getResult (26 bytes)
Event: 35.352 Thread 0x000002067d8c3d30 nmethod 7904 0x0000020671562990 code [0x0000020671562b20, 0x0000020671562bb0]
Event: 35.373 Thread 0x000002067d8c3d30 7905 %     4       org.gradle.internal.instantiation.generator.AbstractClassGenerator::inspectType @ 107 (560 bytes)
Event: 35.379 Thread 0x000002067d8c8ad0 7907       3       org.gradle.internal.instantiation.generator.AbstractClassGenerator::isManagedProperty (33 bytes)
Event: 35.382 Thread 0x000002067d8c8ad0 nmethod 7907 0x00000206716a9710 code [0x00000206716a9a60, 0x00000206716aadf0]
Event: 35.382 Thread 0x000002067d8c8ad0 7908       3       com.google.common.collect.LinkedHashMultimap$ValueEntry::getSuccessorInValueSet (11 bytes)
Event: 35.383 Thread 0x000002067d8c8ad0 nmethod 7908 0x000002067155fb10 code [0x000002067155fce0, 0x0000020671560030]
Event: 35.383 Thread 0x000002067d8c8ad0 7909       1       org.gradle.internal.instantiation.generator.AbstractClassGenerator$PropertyMetadata::access$2600 (5 bytes)
Event: 35.383 Thread 0x000002067d8c8ad0 nmethod 7909 0x0000020671562610 code [0x00000206715627a0, 0x0000020671562850]
Event: 35.383 Thread 0x000002067d8c8ad0 7910       3       org.gradle.internal.instantiation.generator.AsmBackedClassGenerator$ClassBuilderImpl::access$6400 (4 bytes)
Event: 35.383 Thread 0x000002067d8c8ad0 nmethod 7910 0x000002067155f810 code [0x000002067155f9a0, 0x000002067155fa98]
Event: 35.395 Thread 0x000002067d8c8ad0 7911       3       java.lang.invoke.BoundMethodHandle$Species_LLLL::copyWithExtendL (33 bytes)
Event: 35.396 Thread 0x000002067d8c8ad0 nmethod 7911 0x0000020671565a90 code [0x0000020671565c60, 0x00000206715660c0]
Event: 35.426 Thread 0x000002067d8c8ad0 7913       3       java.lang.reflect.Constructor::getTypeParameters (19 bytes)
Event: 35.428 Thread 0x000002067d8c8ad0 nmethod 7913 0x00000206716a7c90 code [0x00000206716a7f60, 0x00000206716a9108]
Event: 35.460 Thread 0x000002067d8c8ad0 7914       3       com.google.common.collect.MapMakerInternalMap$StrongKeyWeakValueEntry$Helper::copy (17 bytes)
Event: 35.460 Thread 0x000002067d8c8ad0 nmethod 7914 0x000002067155f190 code [0x000002067155f360, 0x000002067155f738]
Event: 35.460 Thread 0x000002067d8c8ad0 7915       3       com.google.common.collect.MapMakerInternalMap$StrongKeyWeakValueEntry$Helper::copy (49 bytes)
Event: 35.461 Thread 0x000002067d8c8ad0 nmethod 7915 0x0000020671565110 code [0x0000020671565320, 0x0000020671565848]

GC Heap History (20 events):
Event: 23.066 GC heap before
{Heap before GC invocations=17 (full 0):
 garbage-first heap   total 80896K, used 71859K [0x00000000a0000000, 0x0000000100000000)
  region size 1024K, 34 young (34816K), 2 survivors (2048K)
 Metaspace       used 60223K, committed 61824K, reserved 278528K
  class space    used 8241K, committed 9024K, reserved 212992K
}
Event: 23.074 GC heap after
{Heap after GC invocations=18 (full 0):
 garbage-first heap   total 80896K, used 44679K [0x00000000a0000000, 0x0000000100000000)
  region size 1024K, 5 young (5120K), 5 survivors (5120K)
 Metaspace       used 60223K, committed 61824K, reserved 278528K
  class space    used 8241K, committed 9024K, reserved 212992K
}
Event: 23.965 GC heap before
{Heap before GC invocations=18 (full 0):
 garbage-first heap   total 80896K, used 69255K [0x00000000a0000000, 0x0000000100000000)
  region size 1024K, 30 young (30720K), 5 survivors (5120K)
 Metaspace       used 62203K, committed 63936K, reserved 278528K
  class space    used 8556K, committed 9408K, reserved 212992K
}
Event: 23.970 GC heap after
{Heap after GC invocations=19 (full 0):
 garbage-first heap   total 80896K, used 46254K [0x00000000a0000000, 0x0000000100000000)
  region size 1024K, 3 young (3072K), 3 survivors (3072K)
 Metaspace       used 62203K, committed 63936K, reserved 278528K
  class space    used 8556K, committed 9408K, reserved 212992K
}
Event: 24.804 GC heap before
{Heap before GC invocations=19 (full 0):
 garbage-first heap   total 80896K, used 66734K [0x00000000a0000000, 0x0000000100000000)
  region size 1024K, 24 young (24576K), 3 survivors (3072K)
 Metaspace       used 64202K, committed 65984K, reserved 278528K
  class space    used 8899K, committed 9792K, reserved 212992K
}
Event: 24.810 GC heap after
{Heap after GC invocations=20 (full 0):
 garbage-first heap   total 80896K, used 47635K [0x00000000a0000000, 0x0000000100000000)
  region size 1024K, 2 young (2048K), 2 survivors (2048K)
 Metaspace       used 64202K, committed 65984K, reserved 278528K
  class space    used 8899K, committed 9792K, reserved 212992K
}
Event: 26.114 GC heap before
{Heap before GC invocations=21 (full 0):
 garbage-first heap   total 89088K, used 79379K [0x00000000a0000000, 0x0000000100000000)
  region size 1024K, 26 young (26624K), 2 survivors (2048K)
 Metaspace       used 66805K, committed 68608K, reserved 278528K
  class space    used 9244K, committed 10176K, reserved 212992K
}
Event: 26.117 GC heap after
{Heap after GC invocations=22 (full 0):
 garbage-first heap   total 89088K, used 56157K [0x00000000a0000000, 0x0000000100000000)
  region size 1024K, 3 young (3072K), 3 survivors (3072K)
 Metaspace       used 66805K, committed 68608K, reserved 278528K
  class space    used 9244K, committed 10176K, reserved 212992K
}
Event: 27.070 GC heap before
{Heap before GC invocations=22 (full 0):
 garbage-first heap   total 89088K, used 78685K [0x00000000a0000000, 0x0000000100000000)
  region size 1024K, 26 young (26624K), 3 survivors (3072K)
 Metaspace       used 70055K, committed 72000K, reserved 278528K
  class space    used 9663K, committed 10624K, reserved 212992K
}
Event: 27.075 GC heap after
{Heap after GC invocations=23 (full 0):
 garbage-first heap   total 89088K, used 55985K [0x00000000a0000000, 0x0000000100000000)
  region size 1024K, 3 young (3072K), 3 survivors (3072K)
 Metaspace       used 70055K, committed 72000K, reserved 278528K
  class space    used 9663K, committed 10624K, reserved 212992K
}
Event: 27.938 GC heap before
{Heap before GC invocations=23 (full 0):
 garbage-first heap   total 89088K, used 79537K [0x00000000a0000000, 0x0000000100000000)
  region size 1024K, 26 young (26624K), 3 survivors (3072K)
 Metaspace       used 72081K, committed 73920K, reserved 278528K
  class space    used 9964K, committed 10880K, reserved 212992K
}
Event: 27.943 GC heap after
{Heap after GC invocations=24 (full 0):
 garbage-first heap   total 89088K, used 56860K [0x00000000a0000000, 0x0000000100000000)
  region size 1024K, 2 young (2048K), 2 survivors (2048K)
 Metaspace       used 72081K, committed 73920K, reserved 278528K
  class space    used 9964K, committed 10880K, reserved 212992K
}
Event: 29.243 GC heap before
{Heap before GC invocations=25 (full 0):
 garbage-first heap   total 96256K, used 79388K [0x00000000a0000000, 0x0000000100000000)
  region size 1024K, 25 young (25600K), 2 survivors (2048K)
 Metaspace       used 73846K, committed 75712K, reserved 278528K
  class space    used 10190K, committed 11136K, reserved 212992K
}
Event: 29.247 GC heap after
{Heap after GC invocations=26 (full 0):
 garbage-first heap   total 96256K, used 57898K [0x00000000a0000000, 0x0000000100000000)
  region size 1024K, 3 young (3072K), 3 survivors (3072K)
 Metaspace       used 73846K, committed 75712K, reserved 278528K
  class space    used 10190K, committed 11136K, reserved 212992K
}
Event: 33.988 GC heap before
{Heap before GC invocations=26 (full 0):
 garbage-first heap   total 96256K, used 89642K [0x00000000a0000000, 0x0000000100000000)
  region size 1024K, 31 young (31744K), 3 survivors (3072K)
 Metaspace       used 75605K, committed 77504K, reserved 344064K
  class space    used 10442K, committed 11392K, reserved 212992K
}
Event: 33.994 GC heap after
{Heap after GC invocations=27 (full 0):
 garbage-first heap   total 96256K, used 62004K [0x00000000a0000000, 0x0000000100000000)
  region size 1024K, 4 young (4096K), 4 survivors (4096K)
 Metaspace       used 75605K, committed 77504K, reserved 344064K
  class space    used 10442K, committed 11392K, reserved 212992K
}
Event: 34.810 GC heap before
{Heap before GC invocations=27 (full 0):
 garbage-first heap   total 96256K, used 85556K [0x00000000a0000000, 0x0000000100000000)
  region size 1024K, 27 young (27648K), 4 survivors (4096K)
 Metaspace       used 77259K, committed 79168K, reserved 344064K
  class space    used 10682K, committed 11648K, reserved 212992K
}
Event: 34.818 GC heap after
{Heap after GC invocations=28 (full 0):
 garbage-first heap   total 96256K, used 64364K [0x00000000a0000000, 0x0000000100000000)
  region size 1024K, 4 young (4096K), 4 survivors (4096K)
 Metaspace       used 77259K, committed 79168K, reserved 344064K
  class space    used 10682K, committed 11648K, reserved 212992K
}
Event: 35.434 GC heap before
{Heap before GC invocations=29 (full 0):
 garbage-first heap   total 107520K, used 84844K [0x00000000a0000000, 0x0000000100000000)
  region size 1024K, 25 young (25600K), 4 survivors (4096K)
 Metaspace       used 78316K, committed 80256K, reserved 344064K
  class space    used 10835K, committed 11776K, reserved 212992K
}
Event: 35.439 GC heap after
{Heap after GC invocations=30 (full 0):
 garbage-first heap   total 107520K, used 66067K [0x00000000a0000000, 0x0000000100000000)
  region size 1024K, 3 young (3072K), 3 survivors (3072K)
 Metaspace       used 78316K, committed 80256K, reserved 344064K
  class space    used 10835K, committed 11776K, reserved 212992K
}

Dll operation events (3 events):
Event: 0.035 Loaded shared library C:\Program Files\Android\Android Studio\jbr\bin\java.dll
Event: 0.045 Loaded shared library C:\Program Files\Android\Android Studio\jbr\bin\zip.dll
Event: 1.352 Loaded shared library C:\Program Files\Android\Android Studio\jbr\bin\verify.dll

Deoptimization events (20 events):
Event: 34.455 Thread 0x000002067e0e4110 DEOPT PACKING pc=0x0000020670b97e48 sp=0x00000073992f3870
Event: 34.455 Thread 0x000002067e0e4110 DEOPT UNPACKING pc=0x00000206705446a2 sp=0x00000073992f3808 mode 2
Event: 34.650 Thread 0x000002067e0e4110 Uncommon trap: trap_request=0xffffffcc fr.pc=0x0000020670fb43e8 relative=0x00000000000025e8
Event: 34.651 Thread 0x000002067e0e4110 Uncommon trap: reason=intrinsic_or_type_checked_inlining action=make_not_entrant pc=0x0000020670fb43e8 method=java.util.ArrayList$SubList.toArray([Ljava/lang/Object;)[Ljava/lang/Object; @ 58 c2
Event: 34.651 Thread 0x000002067e0e4110 DEOPT PACKING pc=0x0000020670fb43e8 sp=0x00000073992f6030
Event: 34.651 Thread 0x000002067e0e4110 DEOPT UNPACKING pc=0x00000206705446a2 sp=0x00000073992f5fa0 mode 2
Event: 34.730 Thread 0x00000206042012d0 DEOPT PACKING pc=0x000002067137ebb6 sp=0x0000007399bfde30
Event: 34.730 Thread 0x00000206042012d0 DEOPT UNPACKING pc=0x0000020670544e42 sp=0x0000007399bfd3a0 mode 0
Event: 35.086 Thread 0x000002067e0e4110 Uncommon trap: trap_request=0xffffffde fr.pc=0x0000020671198c48 relative=0x00000000000021c8
Event: 35.086 Thread 0x000002067e0e4110 Uncommon trap: reason=class_check action=maybe_recompile pc=0x0000020671198c48 method=java.net.URLClassLoader.defineClass(Ljava/lang/String;Ljdk/internal/loader/Resource;)Ljava/lang/Class; @ 34 c2
Event: 35.086 Thread 0x000002067e0e4110 DEOPT PACKING pc=0x0000020671198c48 sp=0x00000073992f5bc0
Event: 35.086 Thread 0x000002067e0e4110 DEOPT UNPACKING pc=0x00000206705446a2 sp=0x00000073992f5bc8 mode 2
Event: 35.166 Thread 0x000002067e0e4110 Uncommon trap: trap_request=0xffffff45 fr.pc=0x00000206711a53f4 relative=0x00000000000008f4
Event: 35.166 Thread 0x000002067e0e4110 Uncommon trap: reason=unstable_if action=reinterpret pc=0x00000206711a53f4 method=org.objectweb.asm.Frame.execute(IILorg/objectweb/asm/Symbol;Lorg/objectweb/asm/SymbolTable;)V @ 1 c2
Event: 35.166 Thread 0x000002067e0e4110 DEOPT PACKING pc=0x00000206711a53f4 sp=0x00000073992f4de0
Event: 35.166 Thread 0x000002067e0e4110 DEOPT UNPACKING pc=0x00000206705446a2 sp=0x00000073992f4d68 mode 2
Event: 35.639 Thread 0x000002067e0e4110 Uncommon trap: trap_request=0x00000091 fr.pc=0x00000206711a0610 relative=0x0000000000000230
Event: 35.639 Thread 0x000002067e0e4110 Uncommon trap: reason=unloaded action=reinterpret pc=0x00000206711a0610 method=java.security.AccessController.wrapException(Ljava/lang/Exception;)Ljava/security/PrivilegedActionException; @ 0 c2
Event: 35.639 Thread 0x000002067e0e4110 DEOPT PACKING pc=0x00000206711a0610 sp=0x00000073992f4bc0
Event: 36.637 Thread 0x000002067e0e4110 DEOPT UNPACKING pc=0x00000206705446a2 sp=0x00000073992f4a70 mode 2

Classes loaded (20 events):
Event: 35.563 Loading class java/util/concurrent/ConcurrentSkipListMap$KeySet
Event: 35.564 Loading class java/util/concurrent/ConcurrentSkipListMap$KeySet done
Event: 35.564 Loading class java/util/concurrent/ConcurrentSkipListMap$KeyIterator
Event: 35.564 Loading class java/util/concurrent/ConcurrentSkipListMap$KeyIterator done
Event: 35.565 Loading class java/net/InetAddress$NameServiceAddresses
Event: 35.565 Loading class java/net/InetAddress$Addresses
Event: 35.566 Loading class java/net/InetAddress$Addresses done
Event: 35.566 Loading class java/net/InetAddress$NameServiceAddresses done
Event: 35.566 Loading class java/net/spi/InetAddressResolverProvider
Event: 35.566 Loading class java/net/spi/InetAddressResolverProvider done
Event: 35.620 Loading class sun/net/InetAddressCachePolicy
Event: 35.626 Loading class sun/net/InetAddressCachePolicy done
Event: 35.626 Loading class sun/net/InetAddressCachePolicy$1
Event: 35.630 Loading class sun/net/InetAddressCachePolicy$1 done
Event: 35.630 Loading class java/net/InetAddress$CachedLookup
Event: 35.631 Loading class java/net/InetAddress$CachedLookup done
Event: 35.632 Loading class java/net/InetAddress$CachedLocalHost
Event: 35.633 Loading class java/net/InetAddress$CachedLocalHost done
Event: 35.638 Loading class java/util/zip/DataFormatException
Event: 35.638 Loading class java/util/zip/DataFormatException done

Classes unloaded (0 events):
No events

Classes redefined (0 events):
No events

Internal exceptions (20 events):
Event: 33.490 Thread 0x000002067e0e4110 Exception <a 'java/lang/NoSuchMethodError'{0x00000000a47ed530}: static Lorg/jetbrains/kotlin/gradle/plugin/internal/DefaultIdeaSyncDetector$createIdeaPropertiesEvaluator$1;.<clinit>()V> (0x00000000a47ed530) 
thrown [s\src\hotspot\share\prims\jni.cpp, line 1139]
Event: 33.905 Thread 0x000002067e0e4110 Exception <a 'java/lang/ClassNotFoundException'{0x00000000a3d7ff48}: sun/misc/SharedSecrets> (0x00000000a3d7ff48) 
thrown [s\src\hotspot\share\classfile\systemDictionary.cpp, line 312]
Event: 33.905 Thread 0x000002067e0e4110 Exception <a 'java/lang/ClassNotFoundException'{0x00000000a3d81ff8}: groovy/lang/Closure$1BeanInfo> (0x00000000a3d81ff8) 
thrown [s\src\hotspot\share\classfile\systemDictionary.cpp, line 312]
Event: 33.906 Thread 0x000002067e0e4110 Exception <a 'java/lang/ClassNotFoundException'{0x00000000a3d9f898}: groovy/lang/ClosureBeanInfo> (0x00000000a3d9f898) 
thrown [s\src\hotspot\share\classfile\systemDictionary.cpp, line 312]
Event: 33.909 Thread 0x000002067e0e4110 Exception <a 'java/lang/ClassNotFoundException'{0x00000000a3dbc640}: groovy/lang/ClosureCustomizer> (0x00000000a3dbc640) 
thrown [s\src\hotspot\share\classfile\systemDictionary.cpp, line 312]
Event: 33.918 Thread 0x000002067e0e4110 Exception <a 'java/lang/ClassNotFoundException'{0x00000000a3dff480}: groovy/lang/Closure$1Customizer> (0x00000000a3dff480) 
thrown [s\src\hotspot\share\classfile\systemDictionary.cpp, line 312]
Event: 33.936 Thread 0x000002067e0e4110 Exception <a 'java/lang/ClassNotFoundException'{0x00000000a3c847f0}: org/jetbrains/kotlin/gradle/targets/js/npm/DefaultNpmDependencyExtensionBeanInfo> (0x00000000a3c847f0) 
thrown [s\src\hotspot\share\classfile\systemDictionary.cpp, line 312]
Event: 33.937 Thread 0x000002067e0e4110 Exception <a 'java/lang/ClassNotFoundException'{0x00000000a3c93630}: org/jetbrains/kotlin/gradle/targets/js/npm/DefaultNpmDependencyExtensionCustomizer> (0x00000000a3c93630) 
thrown [s\src\hotspot\share\classfile\systemDictionary.cpp, line 312]
Event: 33.954 Thread 0x000002067e0e4110 Exception <a 'java/lang/ClassNotFoundException'{0x00000000a3b3cef8}: org/jetbrains/kotlin/gradle/targets/js/npm/NpmDependencyExtensionKt$defaultNpmDependencyDelegate$1BeanInfo> (0x00000000a3b3cef8) 
thrown [s\src\hotspot\share\classfile\systemDictionary.cpp, line 312]
Event: 33.954 Thread 0x000002067e0e4110 Exception <a 'java/lang/ClassNotFoundException'{0x00000000a3b4c028}: org/jetbrains/kotlin/gradle/targets/js/npm/NpmDependencyExtensionDelegateBeanInfo> (0x00000000a3b4c028) 
thrown [s\src\hotspot\share\classfile\systemDictionary.cpp, line 312]
Event: 33.954 Thread 0x000002067e0e4110 Exception <a 'java/lang/ClassNotFoundException'{0x00000000a3b5ae78}: org/jetbrains/kotlin/gradle/targets/js/npm/NpmDependencyExtensionDelegateCustomizer> (0x00000000a3b5ae78) 
thrown [s\src\hotspot\share\classfile\systemDictionary.cpp, line 312]
Event: 33.957 Thread 0x000002067e0e4110 Exception <a 'java/lang/ClassNotFoundException'{0x00000000a3b95490}: org/jetbrains/kotlin/gradle/targets/js/npm/NpmDependencyExtensionKt$defaultNpmDependencyDelegate$1Customizer> (0x00000000a3b95490) 
thrown [s\src\hotspot\share\classfile\systemDictionary.cpp, line 312]
Event: 33.963 Thread 0x000002067e0e4110 Exception <a 'java/lang/ClassNotFoundException'{0x00000000a3be19e8}: org/jetbrains/kotlin/gradle/targets/js/npm/DefaultDevNpmDependencyExtensionBeanInfo> (0x00000000a3be19e8) 
thrown [s\src\hotspot\share\classfile\systemDictionary.cpp, line 312]
Event: 33.964 Thread 0x000002067e0e4110 Exception <a 'java/lang/ClassNotFoundException'{0x00000000a3bf0840}: org/jetbrains/kotlin/gradle/targets/js/npm/DefaultDevNpmDependencyExtensionCustomizer> (0x00000000a3bf0840) 
thrown [s\src\hotspot\share\classfile\systemDictionary.cpp, line 312]
Event: 33.971 Thread 0x000002067e0e4110 Exception <a 'java/lang/ClassNotFoundException'{0x00000000a3a46f18}: org/jetbrains/kotlin/gradle/targets/js/npm/DefaultPeerNpmDependencyExtensionBeanInfo> (0x00000000a3a46f18) 
thrown [s\src\hotspot\share\classfile\systemDictionary.cpp, line 312]
Event: 33.972 Thread 0x000002067e0e4110 Exception <a 'java/lang/ClassNotFoundException'{0x00000000a3a55d78}: org/jetbrains/kotlin/gradle/targets/js/npm/DefaultPeerNpmDependencyExtensionCustomizer> (0x00000000a3a55d78) 
thrown [s\src\hotspot\share\classfile\systemDictionary.cpp, line 312]
Event: 33.980 Thread 0x000002067e0e4110 Exception <a 'java/lang/ClassNotFoundException'{0x00000000a3ab9988}: org/jetbrains/kotlin/gradle/targets/js/npm/DefaultPeerNpmDependencyExtension$delegate$1BeanInfo> (0x00000000a3ab9988) 
thrown [s\src\hotspot\share\classfile\systemDictionary.cpp, line 312]
Event: 33.980 Thread 0x000002067e0e4110 Exception <a 'java/lang/ClassNotFoundException'{0x00000000a3ac88d8}: org/jetbrains/kotlin/gradle/targets/js/npm/DefaultPeerNpmDependencyExtension$delegate$1Customizer> (0x00000000a3ac88d8) 
thrown [s\src\hotspot\share\classfile\systemDictionary.cpp, line 312]
Event: 34.425 Thread 0x000002067e0e4110 Exception <a 'java/lang/NoSuchMethodError'{0x00000000a4cd0510}: 'int java.lang.invoke.DirectMethodHandle$Holder.invokeSpecialIFC(java.lang.Object, java.lang.Object, java.lang.Object, java.lang.Object, java.lang.Object)'> (0x00000000a4cd0510) 
thrown [s\src\hotspot\share\interpreter\linkResolver.cpp, line 784]
Event: 35.638 Thread 0x000002067e0e4110 Exception <a 'java/io/IOException'{0x00000000a62a3420}> (0x00000000a62a3420) 
thrown [s\src\hotspot\share\prims\jni.cpp, line 535]

ZGC Phase Switch (0 events):
No events

VM Operations (20 events):
Event: 29.020 Executing VM operation: Cleanup done
Event: 29.243 Executing VM operation: G1CollectForAllocation (G1 Evacuation Pause)
Event: 29.247 Executing VM operation: G1CollectForAllocation (G1 Evacuation Pause) done
Event: 30.250 Executing VM operation: Cleanup
Event: 30.250 Executing VM operation: Cleanup done
Event: 32.272 Executing VM operation: Cleanup
Event: 32.272 Executing VM operation: Cleanup done
Event: 33.284 Executing VM operation: Cleanup
Event: 33.284 Executing VM operation: Cleanup done
Event: 33.988 Executing VM operation: G1CollectForAllocation (G1 Evacuation Pause)
Event: 33.994 Executing VM operation: G1CollectForAllocation (G1 Evacuation Pause) done
Event: 34.810 Executing VM operation: G1CollectForAllocation (G1 Evacuation Pause)
Event: 34.818 Executing VM operation: G1CollectForAllocation (G1 Evacuation Pause) done
Event: 34.866 Executing VM operation: G1PauseRemark
Event: 34.872 Executing VM operation: G1PauseRemark done
Event: 34.889 Executing VM operation: G1PauseCleanup
Event: 34.890 Executing VM operation: G1PauseCleanup done
Event: 35.434 Executing VM operation: G1CollectForAllocation (G1 Evacuation Pause)
Event: 35.439 Executing VM operation: G1CollectForAllocation (G1 Evacuation Pause) done
Event: 36.451 Executing VM operation: Cleanup

Memory protections (0 events):
No events

Nmethod flushes (20 events):
Event: 34.870 Thread 0x000002067d6ce5a0 flushing  nmethod 0x0000020670875c10
Event: 34.870 Thread 0x000002067d6ce5a0 flushing  nmethod 0x000002067087a310
Event: 34.870 Thread 0x000002067d6ce5a0 flushing  nmethod 0x000002067087ba10
Event: 34.870 Thread 0x000002067d6ce5a0 flushing  nmethod 0x0000020670926590
Event: 34.870 Thread 0x000002067d6ce5a0 flushing  nmethod 0x0000020670a23290
Event: 34.870 Thread 0x000002067d6ce5a0 flushing  nmethod 0x0000020670aa5e10
Event: 34.870 Thread 0x000002067d6ce5a0 flushing  nmethod 0x0000020670aa9b90
Event: 34.870 Thread 0x000002067d6ce5a0 flushing  nmethod 0x0000020670bd3f10
Event: 34.870 Thread 0x000002067d6ce5a0 flushing  nmethod 0x0000020670c2fa90
Event: 34.870 Thread 0x000002067d6ce5a0 flushing  nmethod 0x0000020670cefa10
Event: 34.870 Thread 0x000002067d6ce5a0 flushing  nmethod 0x0000020670df6a90
Event: 34.870 Thread 0x000002067d6ce5a0 flushing  nmethod 0x0000020670ec7690
Event: 34.870 Thread 0x000002067d6ce5a0 flushing  nmethod 0x0000020671068e90
Event: 34.870 Thread 0x000002067d6ce5a0 flushing  nmethod 0x00000206710ad490
Event: 34.870 Thread 0x000002067d6ce5a0 flushing  nmethod 0x00000206710e2910
Event: 34.870 Thread 0x000002067d6ce5a0 flushing  nmethod 0x0000020671243410
Event: 34.870 Thread 0x000002067d6ce5a0 flushing  nmethod 0x00000206713fed10
Event: 34.870 Thread 0x000002067d6ce5a0 flushing  nmethod 0x0000020671554b90
Event: 34.870 Thread 0x000002067d6ce5a0 flushing  nmethod 0x00000206715b2c10
Event: 34.870 Thread 0x000002067d6ce5a0 flushing  nmethod 0x00000206715edd10

Events (20 events):
Event: 22.200 Thread 0x000002067e0e4110 Thread added: 0x000002060495e8f0
Event: 22.200 Thread 0x000002067e0e4110 Thread added: 0x000002060495ef80
Event: 22.201 Thread 0x000002067e0e4110 Thread added: 0x000002060495f610
Event: 22.202 Thread 0x000002067e0e4110 Thread added: 0x000002060495fca0
Event: 22.471 Thread 0x000002067e0e4110 Thread added: 0x000002060495c820
Event: 22.495 Thread 0x000002067e0e4110 Thread added: 0x00000206049609c0
Event: 22.504 Thread 0x000002067e0e4110 Thread added: 0x0000020604960330
Event: 22.508 Thread 0x000002067e0e4110 Thread added: 0x0000020604961050
Event: 22.516 Thread 0x000002067e0e4110 Thread added: 0x00000206049616e0
Event: 22.520 Thread 0x000002067e0e4110 Thread added: 0x0000020606276370
Event: 22.525 Thread 0x000002067e0e4110 Thread added: 0x0000020606278440
Event: 22.783 Thread 0x000002067e0e4110 Thread added: 0x0000020606278ad0
Event: 22.784 Thread 0x000002067e0e4110 Thread added: 0x0000020606277db0
Event: 22.785 Thread 0x000002067e0e4110 Thread added: 0x0000020606277090
Event: 22.787 Thread 0x000002067e0e4110 Thread added: 0x0000020606279160
Event: 22.788 Thread 0x000002067e0e4110 Thread added: 0x0000020606276a00
Event: 22.789 Thread 0x000002067e0e4110 Thread added: 0x0000020606275ce0
Event: 22.792 Thread 0x000002067e0e4110 Thread added: 0x000002060627aba0
Event: 23.931 Thread 0x000002067e0e4110 Thread added: 0x00000206062797f0
Event: 27.379 Thread 0x000002067e0e4110 Thread added: 0x0000020606279e80


Dynamic libraries:
0x00007ff785fd0000 - 0x00007ff785fda000 	C:\Program Files\Android\Android Studio\jbr\bin\java.exe
0x00007ffce7be0000 - 0x00007ffce7e48000 	C:\WINDOWS\SYSTEM32\ntdll.dll
0x00007ffcb90b0000 - 0x00007ffcb90d0000 	C:\Program Files\Avast Software\Avast\aswhook.dll
0x00007ffce6c20000 - 0x00007ffce6ce9000 	C:\WINDOWS\System32\KERNEL32.DLL
0x00007ffce4ea0000 - 0x00007ffce5298000 	C:\WINDOWS\System32\KERNELBASE.dll
0x00007ffce52d0000 - 0x00007ffce541b000 	C:\WINDOWS\System32\ucrtbase.dll
0x00007ffcdb500000 - 0x00007ffcdb518000 	C:\Program Files\Android\Android Studio\jbr\bin\jli.dll
0x00007ffcda460000 - 0x00007ffcda47b000 	C:\Program Files\Android\Android Studio\jbr\bin\VCRUNTIME140.dll
0x00007ffce6910000 - 0x00007ffce6ad7000 	C:\WINDOWS\System32\USER32.dll
0x00007ffcccc80000 - 0x00007ffcccf14000 	C:\WINDOWS\WinSxS\amd64_microsoft.windows.common-controls_6595b64144ccf1df_6.0.26100.7019_none_3e06ffa0e335b8a8\COMCTL32.dll
0x00007ffce5980000 - 0x00007ffce5a29000 	C:\WINDOWS\System32\msvcrt.dll
0x00007ffce5ca0000 - 0x00007ffce5ccb000 	C:\WINDOWS\System32\GDI32.dll
0x00007ffce52a0000 - 0x00007ffce52c7000 	C:\WINDOWS\System32\win32u.dll
0x00007ffce5420000 - 0x00007ffce554c000 	C:\WINDOWS\System32\gdi32full.dll
0x00007ffce58d0000 - 0x00007ffce5973000 	C:\WINDOWS\System32\msvcp_win.dll
0x00007ffce6440000 - 0x00007ffce6471000 	C:\WINDOWS\System32\IMM32.DLL
0x00007ffcdb4d0000 - 0x00007ffcdb4dc000 	C:\Program Files\Android\Android Studio\jbr\bin\vcruntime140_1.dll
0x00007ffcbbd60000 - 0x00007ffcbbded000 	C:\Program Files\Android\Android Studio\jbr\bin\msvcp140.dll
0x00007ffc83dd0000 - 0x00007ffc84a5b000 	C:\Program Files\Android\Android Studio\jbr\bin\server\jvm.dll
0x00007ffce76f0000 - 0x00007ffce77a4000 	C:\WINDOWS\System32\ADVAPI32.dll
0x00007ffce5bd0000 - 0x00007ffce5c76000 	C:\WINDOWS\System32\sechost.dll
0x00007ffce75d0000 - 0x00007ffce76e8000 	C:\WINDOWS\System32\RPCRT4.dll
0x00007ffce6000000 - 0x00007ffce6074000 	C:\WINDOWS\System32\WS2_32.dll
0x00007ffce4b90000 - 0x00007ffce4bee000 	C:\WINDOWS\SYSTEM32\POWRPROF.dll
0x00007ffcde5b0000 - 0x00007ffcde5e5000 	C:\WINDOWS\SYSTEM32\WINMM.dll
0x00007ffcde620000 - 0x00007ffcde62b000 	C:\WINDOWS\SYSTEM32\VERSION.dll
0x00007ffce4b70000 - 0x00007ffce4b84000 	C:\WINDOWS\SYSTEM32\UMPDC.dll
0x00007ffce3af0000 - 0x00007ffce3b0b000 	C:\WINDOWS\SYSTEM32\kernel.appcore.dll
0x00007ffcdb4c0000 - 0x00007ffcdb4ca000 	C:\Program Files\Android\Android Studio\jbr\bin\jimage.dll
0x00007ffcd8db0000 - 0x00007ffcd8ff2000 	C:\WINDOWS\SYSTEM32\DBGHELP.DLL
0x00007ffce77b0000 - 0x00007ffce7b3b000 	C:\WINDOWS\System32\combase.dll
0x00007ffce6080000 - 0x00007ffce6157000 	C:\WINDOWS\System32\OLEAUT32.dll
0x00007ffcd73d0000 - 0x00007ffcd740c000 	C:\WINDOWS\SYSTEM32\dbgcore.DLL
0x00007ffce5790000 - 0x00007ffce5835000 	C:\WINDOWS\System32\bcryptPrimitives.dll
0x00007ffcdfeb0000 - 0x00007ffcdfebe000 	C:\Program Files\Android\Android Studio\jbr\bin\instrument.dll
0x00007ffcda240000 - 0x00007ffcda260000 	C:\Program Files\Android\Android Studio\jbr\bin\java.dll
0x00007ffcd7cb0000 - 0x00007ffcd7cc8000 	C:\Program Files\Android\Android Studio\jbr\bin\zip.dll
0x00007ffce6e70000 - 0x00007ffce75bf000 	C:\WINDOWS\System32\SHELL32.dll
0x00007ffce4d30000 - 0x00007ffce4e9b000 	C:\WINDOWS\System32\wintypes.dll
0x00007ffce2970000 - 0x00007ffce31cd000 	C:\WINDOWS\SYSTEM32\windows.storage.dll
0x00007ffce6160000 - 0x00007ffce6252000 	C:\WINDOWS\System32\SHCORE.dll
0x00007ffce5f80000 - 0x00007ffce5fe7000 	C:\WINDOWS\System32\shlwapi.dll
0x00007ffce4c50000 - 0x00007ffce4c79000 	C:\WINDOWS\SYSTEM32\profapi.dll
0x00007ffcda510000 - 0x00007ffcda520000 	C:\Program Files\Android\Android Studio\jbr\bin\net.dll
0x00007ffcdf470000 - 0x00007ffcdf598000 	C:\WINDOWS\SYSTEM32\WINHTTP.dll
0x00007ffce4060000 - 0x00007ffce40cb000 	C:\WINDOWS\system32\mswsock.dll
0x00007ffcd6640000 - 0x00007ffcd6656000 	C:\Program Files\Android\Android Studio\jbr\bin\nio.dll
0x00007ffcd3b40000 - 0x00007ffcd3b50000 	C:\Program Files\Android\Android Studio\jbr\bin\verify.dll
0x00007ffcda3b0000 - 0x00007ffcda3d7000 	C:\Users\USER\.gradle\native\1def1411415f61bf3af743bc5b6707747c0891f09f0c88961ee8f79bc544acac\windows-amd64\native-platform.dll
0x00000000616a0000 - 0x0000000061713000 	C:\Users\USER\.gradle\native\0.2.5\x86_64-windows-gnu\gradle-fileevents.dll
0x00007ffcd7ed0000 - 0x00007ffcd7ed9000 	C:\Program Files\Android\Android Studio\jbr\bin\management.dll
0x00007ffcd7970000 - 0x00007ffcd797b000 	C:\Program Files\Android\Android Studio\jbr\bin\management_ext.dll
0x00007ffce5f70000 - 0x00007ffce5f78000 	C:\WINDOWS\System32\PSAPI.DLL
0x00007ffce4330000 - 0x00007ffce434b000 	C:\WINDOWS\SYSTEM32\CRYPTSP.dll
0x00007ffce3a50000 - 0x00007ffce3a8a000 	C:\WINDOWS\system32\rsaenh.dll
0x00007ffce4110000 - 0x00007ffce413b000 	C:\WINDOWS\SYSTEM32\USERENV.dll
0x00007ffce4c20000 - 0x00007ffce4c4a000 	C:\WINDOWS\SYSTEM32\bcrypt.dll
0x00007ffce4320000 - 0x00007ffce432c000 	C:\WINDOWS\SYSTEM32\CRYPTBASE.dll
0x00007ffce35b0000 - 0x00007ffce35e4000 	C:\WINDOWS\SYSTEM32\IPHLPAPI.DLL
0x00007ffce5d50000 - 0x00007ffce5d5a000 	C:\WINDOWS\System32\NSI.dll
0x00007ffcda230000 - 0x00007ffcda239000 	C:\Program Files\Android\Android Studio\jbr\bin\extnet.dll
0x00007ffcda450000 - 0x00007ffcda458000 	C:\WINDOWS\system32\wshunix.dll
0x00000000615a0000 - 0x0000000061613000 	C:\Users\USER\AppData\Local\Temp\native-platform8527167317987942083dir\gradle-fileevents.dll
0x00007ffcc6650000 - 0x00007ffcc6668000 	C:\WINDOWS\system32\napinsp.dll
0x00007ffce3690000 - 0x00007ffce37bc000 	C:\WINDOWS\SYSTEM32\DNSAPI.dll
0x00007ffcc6630000 - 0x00007ffcc6642000 	C:\WINDOWS\System32\winrnr.dll
0x00007ffcc6600000 - 0x00007ffcc6622000 	C:\WINDOWS\system32\nlansp_c.dll
0x00007ffcc65e0000 - 0x00007ffcc65f6000 	C:\WINDOWS\system32\wshbth.dll
0x0000000062780000 - 0x00000000627a6000 	C:\Program Files\Bonjour\mdnsNSP.dll
0x00007ffcd8cd0000 - 0x00007ffcd8cdb000 	C:\Windows\System32\rasadhlp.dll
0x00007ffcdf780000 - 0x00007ffcdf806000 	C:\WINDOWS\System32\fwpuclnt.dll

dbghelp: loaded successfully - version: 4.0.5 - missing functions: none
symbol engine: initialized successfully - sym options: 0x614 - pdb path: .;C:\Program Files\Android\Android Studio\jbr\bin;C:\WINDOWS\SYSTEM32;C:\Program Files\Avast Software\Avast;C:\WINDOWS\WinSxS\amd64_microsoft.windows.common-controls_6595b64144ccf1df_6.0.26100.7019_none_3e06ffa0e335b8a8;C:\Program Files\Android\Android Studio\jbr\bin\server;C:\Users\USER\.gradle\native\1def1411415f61bf3af743bc5b6707747c0891f09f0c88961ee8f79bc544acac\windows-amd64;C:\Users\USER\.gradle\native\0.2.5\x86_64-windows-gnu;C:\Users\USER\AppData\Local\Temp\native-platform8527167317987942083dir;C:\Program Files\Bonjour

VM Arguments:
jvm_args: --add-opens=java.base/java.lang=ALL-UNNAMED --add-opens=java.base/java.lang.invoke=ALL-UNNAMED --add-opens=java.base/java.util=ALL-UNNAMED --add-opens=java.prefs/java.util.prefs=ALL-UNNAMED --add-exports=jdk.compiler/com.sun.tools.javac.api=ALL-UNNAMED --add-exports=jdk.compiler/com.sun.tools.javac.util=ALL-UNNAMED --add-opens=java.base/java.util=ALL-UNNAMED --add-opens=java.prefs/java.util.prefs=ALL-UNNAMED --add-opens=java.base/java.nio.charset=ALL-UNNAMED --add-opens=java.base/java.net=ALL-UNNAMED --add-opens=java.base/java.util.concurrent.atomic=ALL-UNNAMED --add-opens=java.xml/javax.xml.namespace=ALL-UNNAMED -XX:MaxMetaspaceSize=256m -XX:ReservedCodeCacheSize=128m -XX:+HeapDumpOnOutOfMemoryError -Xmx1536m -Dfile.encoding=UTF-8 -Duser.country=PH -Duser.language=en -Duser.variant -javaagent:C:\Users\USER\.gradle\wrapper\dists\gradle-8.12-all\ejduaidbjup3bmmkhw3rie4zb\gradle-8.12\lib\agents\gradle-instrumentation-agent-8.12.jar 
java_command: org.gradle.launcher.daemon.bootstrap.GradleDaemon 8.12
java_class_path (initial): C:\Users\USER\.gradle\wrapper\dists\gradle-8.12-all\ejduaidbjup3bmmkhw3rie4zb\gradle-8.12\lib\gradle-daemon-main-8.12.jar
Launcher Type: SUN_STANDARD

[Global flags]
     intx CICompilerCount                          = 4                                         {product} {ergonomic}
   size_t CompressedClassSpaceSize                 = 218103808                                 {product} {ergonomic}
     uint ConcGCThreads                            = 2                                         {product} {ergonomic}
     uint G1ConcRefinementThreads                  = 8                                         {product} {ergonomic}
   size_t G1HeapRegionSize                         = 1048576                                   {product} {ergonomic}
    uintx GCDrainStackTargetSize                   = 64                                        {product} {ergonomic}
     bool HeapDumpOnOutOfMemoryError               = true                                   {manageable} {command line}
   size_t InitialHeapSize                          = 121634816                                 {product} {ergonomic}
   size_t MarkStackSize                            = 4194304                                   {product} {ergonomic}
   size_t MaxHeapSize                              = 1610612736                                {product} {command line}
   size_t MaxMetaspaceSize                         = 268435456                                 {product} {command line}
   size_t MaxNewSize                               = 965738496                                 {product} {ergonomic}
   size_t MinHeapDeltaBytes                        = 1048576                                   {product} {ergonomic}
   size_t MinHeapSize                              = 8388608                                   {product} {ergonomic}
    uintx NonNMethodCodeHeapSize                   = 4096                                   {pd product} {ergonomic}
    uintx NonProfiledCodeHeapSize                  = 0                                      {pd product} {ergonomic}
    uintx ProfiledCodeHeapSize                     = 0                                      {pd product} {ergonomic}
    uintx ReservedCodeCacheSize                    = 134217728                              {pd product} {command line}
   size_t SoftMaxHeapSize                          = 1610612736                             {manageable} {ergonomic}
     bool UseCompressedOops                        = true                           {product lp64_product} {ergonomic}
     bool UseG1GC                                  = true                                      {product} {ergonomic}
     bool UseLargePagesIndividualAllocation        = false                                  {pd product} {ergonomic}

Logging:
Log output configuration:
 #0: stdout all=warning uptime,level,tags foldmultilines=false
 #1: stderr all=off uptime,level,tags foldmultilines=false

Environment Variables:
JAVA_HOME=C:\Program Files\Android\Android Studio\jbr
CLASSPATH=C:\Gabay\android\\gradle\wrapper\gradle-wrapper.jar
PATH=C:\Program Files\Android\Android Studio\jbr\bin;C:\Program Files (x86)\VMware\VMware Workstation\bin\;C:\Python312\Scripts\;C:\Python312\;C:\WINDOWS\system32;C:\WINDOWS;C:\WINDOWS\System32\Wbem;C:\WINDOWS\System32\WindowsPowerShell\v1.0\;C:\WINDOWS\System32\OpenSSH\;C:\Program Files (x86)\IBM\SPSS\Statistics\23\JRE\bin;C:\Program Files\nodejs\;C:\ProgramData\chocolatey\bin;C:\Program Files\Git\cmd;c:\Users\USER\AppData\Local\Programs\cursor\resources\app\bin;c:\Users\USER\AppData\Local\Programs\cursor\resources\app\bin;C:\Users\USER\AppData\Local\Pub\Cache\bin;C:\Users\USER\AppData\Local\Microsoft\WindowsApps;C:\Users\USER\AppData\Local\Programs\Microsoft VS Code\bin;C:\Users\USER\AppData\Roaming\npm;C:\Users\USER\AppData\Local\Programs\cursor\resources\app\bin;C:\Users\USER\AppData\Local\Pub\Cache\bin;
USERNAME=USER
TERM=dumb
OS=Windows_NT
PROCESSOR_IDENTIFIER=AMD64 Family 23 Model 160 Stepping 0, AuthenticAMD
TMP=C:\Users\USER\AppData\Local\Temp
TEMP=C:\Users\USER\AppData\Local\Temp




Periodic native trim disabled

JNI global refs:
JNI global refs: 30, weak refs: 0

JNI global refs memory usage: 835, weak refs: 833

Process memory usage:
Resident Set Size: 258396K (3% of 7591164K total physical memory with 373232K free physical memory)

OOME stack traces (most recent first):
Classloader memory used:
Loader org.gradle.internal.classloader.VisitableURLClassLoader                         : 35878K
Loader bootstrap                                                                       : 25206K
Loader org.gradle.initialization.MixInLegacyTypesClassLoader                           : 11423K
Loader org.gradle.internal.classloader.VisitableURLClassLoader$InstrumentingVisitableURLClassLoader: 5438K
Loader jdk.internal.loader.ClassLoaders$PlatformClassLoader                            : 497K
Loader jdk.internal.loader.ClassLoaders$AppClassLoader                                 : 231K
Loader jdk.internal.reflect.DelegatingClassLoader                                      : 93288B
Loader org.gradle.internal.classloader.VisitableURLClassLoader                         : 72568B

Classes loaded by more than one classloader:
Class Program                                                                         : loaded 4 times (x 68B)
Class org.gradle.internal.classloader.ClassLoaderHierarchy                            : loaded 2 times (x 66B)
Class org.gradle.api.internal.classpath.ManifestUtil                                  : loaded 2 times (x 67B)
Class org.gradle.internal.classloader.DefaultClassLoaderFactory                       : loaded 2 times (x 78B)
Class org.gradle.internal.classloader.ClassLoaderVisitor                              : loaded 2 times (x 72B)
Class org.gradle.api.internal.classpath.EffectiveClassPath                            : loaded 2 times (x 86B)
Class org.gradle.api.internal.DefaultClassPathProvider                                : loaded 2 times (x 72B)
Class [Lorg.gradle.api.internal.ClassPathProvider;                                    : loaded 2 times (x 65B)
Class org.gradle.api.internal.ClassPathProvider                                       : loaded 2 times (x 66B)
Class org.gradle.internal.service.UnknownServiceException                             : loaded 2 times (x 79B)
Class org.gradle.internal.classpath.TransformedClassPath                              : loaded 2 times (x 92B)
Class org.gradle.internal.classloader.InstrumentingClassLoader                        : loaded 2 times (x 66B)
Class org.gradle.internal.service.ServiceLocator                                      : loaded 2 times (x 66B)
Class org.gradle.internal.InternalTransformer                                         : loaded 2 times (x 66B)
Class org.gradle.internal.classloader.ClasspathUtil$1                                 : loaded 2 times (x 72B)
Class org.gradle.api.internal.classpath.DefaultModuleRegistry$DefaultModule           : loaded 2 times (x 82B)
Class org.gradle.api.internal.classpath.Module                                        : loaded 2 times (x 66B)
Class org.gradle.api.internal.classpath.UnknownModuleException                        : loaded 2 times (x 78B)
Class org.gradle.api.internal.DefaultClassPathRegistry                                : loaded 2 times (x 72B)
Class org.gradle.api.internal.ClassPathRegistry                                       : loaded 2 times (x 66B)
Class org.gradle.internal.classpath.DefaultClassPath$ImmutableUniqueList              : loaded 2 times (x 195B)
Class org.gradle.internal.classloader.FilteringClassLoader                            : loaded 2 times (x 101B)
Class Settings_gradle$1                                                               : loaded 2 times (x 70B)
Class org.gradle.internal.classpath.ClassPath                                         : loaded 2 times (x 66B)
Class org.gradle.api.UncheckedIOException                                             : loaded 2 times (x 78B)
Class org.gradle.internal.installation.GradleInstallation$1                           : loaded 2 times (x 71B)
Class org.gradle.api.internal.classpath.ModuleRegistry                                : loaded 2 times (x 66B)
Class org.gradle.api.internal.classpath.DefaultModuleRegistry                         : loaded 2 times (x 82B)
Class org.gradle.internal.service.ServiceLookupException                              : loaded 2 times (x 78B)
Class org.gradle.internal.classloader.ClassLoaderFactory                              : loaded 2 times (x 66B)
Class org.gradle.internal.service.CachingServiceLocator                               : loaded 2 times (x 78B)
Class org.gradle.internal.classloader.ClasspathUtil                                   : loaded 2 times (x 67B)
Class org.gradle.api.specs.Spec                                                       : loaded 2 times (x 66B)
Class Build_gradle$1                                                                  : loaded 2 times (x 74B)
Class org.gradle.internal.classloader.VisitableURLClassLoader$InstrumentingVisitableURLClassLoader: loaded 2 times (x 119B)
Class org.gradle.internal.classloader.VisitableURLClassLoader$Spec                    : loaded 2 times (x 70B)
Class org.gradle.internal.classpath.DefaultClassPath                                  : loaded 2 times (x 86B)
Class org.gradle.internal.classloader.ClassLoaderSpec                                 : loaded 2 times (x 67B)
Class Settings_gradle$1$1                                                             : loaded 2 times (x 70B)
Class org.gradle.internal.classloader.VisitableURLClassLoader                         : loaded 2 times (x 113B)
Class Settings_gradle                                                                 : loaded 2 times (x 124B)
Class org.gradle.internal.Cast                                                        : loaded 2 times (x 67B)
Class org.gradle.api.Action                                                           : loaded 2 times (x 66B)
Class org.gradle.internal.classpath.DefaultClassPath$ImmutableUniqueList$Builder      : loaded 2 times (x 71B)
Class org.gradle.api.GradleException                                                  : loaded 2 times (x 78B)
Class org.gradle.internal.IoActions                                                   : loaded 2 times (x 67B)
Class org.gradle.internal.classloader.SystemClassLoaderSpec                           : loaded 2 times (x 67B)
Class org.gradle.api.internal.classpath.GlobalCacheRootsProvider                      : loaded 2 times (x 66B)
Class Build_gradle                                                                    : loaded 2 times (x 126B)
Class org.gradle.internal.installation.CurrentGradleInstallationLocator               : loaded 2 times (x 67B)
Class org.gradle.internal.service.DefaultServiceLocator                               : loaded 2 times (x 79B)
Class org.gradle.internal.installation.CurrentGradleInstallation                      : loaded 2 times (x 69B)
Class org.gradle.util.internal.GUtil                                                  : loaded 2 times (x 67B)
Class org.gradle.internal.installation.GradleInstallation                             : loaded 2 times (x 71B)

---------------  S Y S T E M  ---------------

OS:
 Windows 11 , 64 bit Build 26100 (10.0.26100.7019)
OS uptime: 15 days 12:20 hours

CPU: total 8 (initial active 8) (8 cores per cpu, 2 threads per core) family 23 model 160 stepping 0 microcode 0x8a00006, cx8, cmov, fxsr, ht, mmx, 3dnowpref, sse, sse2, sse3, ssse3, sse4a, sse4.1, sse4.2, popcnt, lzcnt, tsc, tscinvbit, avx, avx2, aes, clmul, bmi1, bmi2, adx, sha, fma, vzeroupper, clflush, clflushopt, rdtscp, rdpid, f16c
Processor Information for the first 8 processors :
  Max Mhz: 2401, Current Mhz: 2401, Mhz Limit: 2401

Memory: 4k page, system-wide physical 7413M (364M free)
TotalPageFile size 29941M (AvailPageFile size 36M)
current process WorkingSet (physical memory assigned to process): 252M, peak: 253M
current process commit charge ("private bytes"): 352M, peak: 354M

vm_info: OpenJDK 64-Bit Server VM (21.0.6+-13391695-b895.109) for windows-amd64 JRE (21.0.6+-13391695-b895.109), built on 2025-04-22T21:19:17Z by "builder" with MS VC++ 16.10 / 16.11 (VS2019)

END.
