#
# There is insufficient memory for the Java Runtime Environment to continue.
# Native memory allocation (mmap) failed to map 121634816 bytes. Error detail: G1 virtual space
# Possible reasons:
#   The system is out of physical RAM or swap space
#   This process is running with CompressedOops enabled, and the Java Heap may be blocking the growth of the native heap
# Possible solutions:
#   Reduce memory load on the system
#   Increase physical memory or swap space
#   Check if swap backing store is full
#   Decrease Java heap size (-Xmx/-Xms)
#   Decrease number of Java threads
#   Decrease Java thread stack sizes (-Xss)
#   Set larger code cache with -XX:ReservedCodeCacheSize=
#   JVM is running with Unscaled Compressed Oops mode in which the Java heap is
#     placed in the first 4GB address space. The Java Heap base address is the
#     maximum limit for the native heap growth. Please use -XX:HeapBaseMinAddress
#     to set the Java Heap base and to place the Java Heap above 4GB virtual address.
# This output file may be truncated or incomplete.
#
#  Out of Memory Error (os_windows.cpp:3898), pid=23788, tid=25996
#
# JRE version:  (21.0.6) (build )
# Java VM: OpenJDK 64-Bit Server VM (21.0.6+-13391695-b895.109, mixed mode, sharing, tiered, compressed oops, compressed class ptrs, g1 gc, windows-amd64)
# No core dump will be written. Minidumps are not enabled by default on client versions of Windows
#

---------------  S U M M A R Y ------------

Command Line: -Dorg.gradle.appname=gradlew org.gradle.wrapper.GradleWrapperMain -q -Ptarget-platform=android-x64 -Ptarget=C:\Gabay\lib\main.dart -Pbase-application-name=android.app.Application -Pdart-defines=RkxVVFRFUl9WRVJTSU9OPTMuMzIuNw==,RkxVVFRFUl9DSEFOTkVMPXN0YWJsZQ==,RkxVVFRFUl9HSVRfVVJMPWh0dHBzOi8vZ2l0aHViLmNvbS9mbHV0dGVyL2ZsdXR0ZXIuZ2l0,RkxVVFRFUl9GUkFNRVdPUktfUkVWSVNJT049ZDdiNTIzYjM1Ng==,RkxVVFRFUl9FTkdJTkVfUkVWSVNJT049MzlkNmQ2ZTY5OQ==,RkxVVFRFUl9EQVJUX1ZFUlNJT049My44LjE= -Pdart-obfuscation=false -Ptrack-widget-creation=true -Ptree-shake-icons=false -Pfilesystem-scheme=org-dartlang-root assembleDebug

Host: AMD Ryzen 3 7320U with Radeon Graphics         , 8 cores, 7G,  Windows 11 , 64 bit Build 26100 (10.0.26100.7019)
Time: Sun Feb  1 19:55:56 2026 Malay Peninsula Standard Time elapsed time: 2.050421 seconds (0d 0h 0m 2s)

---------------  T H R E A D  ---------------

Current thread (0x000001c35db45f50):  JavaThread "Unknown thread" [_thread_in_vm, id=25996, stack(0x000000bc1f100000,0x000000bc1f200000) (1024K)]

Stack: [0x000000bc1f100000,0x000000bc1f200000]
Native frames: (J=compiled Java code, j=interpreted, Vv=VM code, C=native code)
V  [jvm.dll+0x6d0639]
V  [jvm.dll+0x85eb03]
V  [jvm.dll+0x86105e]
V  [jvm.dll+0x861743]
V  [jvm.dll+0x27e6e6]
V  [jvm.dll+0x6ccfd5]
V  [jvm.dll+0x6c0a8a]
V  [jvm.dll+0x35537b]
V  [jvm.dll+0x35cfd6]
V  [jvm.dll+0x3aef86]
V  [jvm.dll+0x3af258]
V  [jvm.dll+0x327a2c]
V  [jvm.dll+0x32871b]
V  [jvm.dll+0x826549]
V  [jvm.dll+0x3bc158]
V  [jvm.dll+0x80f7f8]
V  [jvm.dll+0x45035e]
V  [jvm.dll+0x451ac1]
C  [jli.dll+0x52ab]
C  [ucrtbase.dll+0x37b0]
C  [KERNEL32.DLL+0x2e8d7]
C  [ntdll.dll+0x8c53c]


---------------  P R O C E S S  ---------------

Threads class SMR info:
_java_thread_list=0x00007ffc84911848, length=0, elements={
}

Java Threads: ( => current thread )
Total: 0

Other Threads:
  0x000001c35ffb1c60 WorkerThread "GC Thread#0"                     [id=30988, stack(0x000000bc1f200000,0x000000bc1f300000) (1024K)]
  0x000001c35ffc2320 ConcurrentGCThread "G1 Main Marker"            [id=23840, stack(0x000000bc1f300000,0x000000bc1f400000) (1024K)]
  0x000001c35ffc2d30 WorkerThread "G1 Conc#0"                       [id=32516, stack(0x000000bc1f400000,0x000000bc1f500000) (1024K)]

[error occurred during error reporting (printing all threads), id 0xc0000005, EXCEPTION_ACCESS_VIOLATION (0xc0000005) at pc=0x00007ffc8410aa87]
VM state: not at safepoint (not fully initialized)

VM Mutex/Monitor currently owned by a thread:  ([mutex/lock_event])
[0x00007ffc8497e4a0] Heap_lock - owner thread: 0x000001c35db45f50

Heap address: 0x000000008c200000, size: 1854 MB, Compressed Oops mode: 32-bit

CDS archive(s) mapped at: [0x0000000000000000-0x0000000000000000-0x0000000000000000), size 0, SharedBaseAddress: 0x0000000800000000, ArchiveRelocationMode: 1.
Narrow klass base: 0x0000000000000000, Narrow klass shift: 0, Narrow klass range: 0x0

GC Precious Log:
 CardTable entry size: 512
 Card Set container configuration: InlinePtr #cards 5 size 8 Array Of Cards #cards 12 size 40 Howl #buckets 4 coarsen threshold 1843 Howl Bitmap #cards 512 size 80 coarsen threshold 460 Card regions per heap region 1 cards per card region 2048

Heap:
 garbage-first heap   total 0K, used 0K [0x000000008c200000, 0x0000000100000000)
  region size 1024K, 0 young (0K), 0 survivors (0K)
 Metaspace       used 0K, committed 0K, reserved 0K
  class space    used 0K, committed 0K, reserved 0K

Heap Regions: E=young(eden), S=young(survivor), O=old, HS=humongous(starts), HC=humongous(continues), CS=collection set, F=free, TAMS=top-at-mark-start, PB=parsable bottom

Card table byte_map: [0x000001c372780000,0x000001c372b20000] _byte_map_base: 0x000001c37231f000

Marking Bits: (CMBitMap*) 0x000001c35ffb3280
 Bits: [0x000001c372b20000, 0x000001c374818000)

GC Heap History (0 events):
No events

Dll operation events (1 events):
Event: 0.016 Loaded shared library C:\Program Files\Android\Android Studio\jbr\bin\java.dll

Deoptimization events (0 events):
No events

Classes loaded (0 events):
No events

Classes unloaded (0 events):
No events

Classes redefined (0 events):
No events

Internal exceptions (0 events):
No events

ZGC Phase Switch (0 events):
No events

VM Operations (0 events):
No events

Memory protections (0 events):
No events

Nmethod flushes (0 events):
No events

Events (0 events):
No events


Dynamic libraries:
0x00007ff785fd0000 - 0x00007ff785fda000 	C:\Program Files\Android\Android Studio\jbr\bin\java.exe
0x00007ffce7be0000 - 0x00007ffce7e48000 	C:\WINDOWS\SYSTEM32\ntdll.dll
0x00007ffcb90b0000 - 0x00007ffcb90d0000 	C:\Program Files\Avast Software\Avast\aswhook.dll
0x00007ffce6c20000 - 0x00007ffce6ce9000 	C:\WINDOWS\System32\KERNEL32.DLL
0x00007ffce4ea0000 - 0x00007ffce5298000 	C:\WINDOWS\System32\KERNELBASE.dll
0x00007ffce52d0000 - 0x00007ffce541b000 	C:\WINDOWS\System32\ucrtbase.dll
0x00007ffcdb500000 - 0x00007ffcdb518000 	C:\Program Files\Android\Android Studio\jbr\bin\jli.dll
0x00007ffce6910000 - 0x00007ffce6ad7000 	C:\WINDOWS\System32\USER32.dll
0x00007ffce52a0000 - 0x00007ffce52c7000 	C:\WINDOWS\System32\win32u.dll
0x00007ffce5ca0000 - 0x00007ffce5ccb000 	C:\WINDOWS\System32\GDI32.dll
0x00007ffce5420000 - 0x00007ffce554c000 	C:\WINDOWS\System32\gdi32full.dll
0x00007ffce58d0000 - 0x00007ffce5973000 	C:\WINDOWS\System32\msvcp_win.dll
0x00007ffcccc80000 - 0x00007ffcccf14000 	C:\WINDOWS\WinSxS\amd64_microsoft.windows.common-controls_6595b64144ccf1df_6.0.26100.7019_none_3e06ffa0e335b8a8\COMCTL32.dll
0x00007ffcda460000 - 0x00007ffcda47b000 	C:\Program Files\Android\Android Studio\jbr\bin\VCRUNTIME140.dll
0x00007ffce5980000 - 0x00007ffce5a29000 	C:\WINDOWS\System32\msvcrt.dll
0x00007ffce6440000 - 0x00007ffce6471000 	C:\WINDOWS\System32\IMM32.DLL
0x00007ffcdb4d0000 - 0x00007ffcdb4dc000 	C:\Program Files\Android\Android Studio\jbr\bin\vcruntime140_1.dll
0x00007ffcbbd60000 - 0x00007ffcbbded000 	C:\Program Files\Android\Android Studio\jbr\bin\msvcp140.dll
0x00007ffc83dd0000 - 0x00007ffc84a5b000 	C:\Program Files\Android\Android Studio\jbr\bin\server\jvm.dll
0x00007ffce76f0000 - 0x00007ffce77a4000 	C:\WINDOWS\System32\ADVAPI32.dll
0x00007ffce5bd0000 - 0x00007ffce5c76000 	C:\WINDOWS\System32\sechost.dll
0x00007ffce75d0000 - 0x00007ffce76e8000 	C:\WINDOWS\System32\RPCRT4.dll
0x00007ffce6000000 - 0x00007ffce6074000 	C:\WINDOWS\System32\WS2_32.dll
0x00007ffcde5b0000 - 0x00007ffcde5e5000 	C:\WINDOWS\SYSTEM32\WINMM.dll
0x00007ffce4b90000 - 0x00007ffce4bee000 	C:\WINDOWS\SYSTEM32\POWRPROF.dll
0x00007ffcde620000 - 0x00007ffcde62b000 	C:\WINDOWS\SYSTEM32\VERSION.dll
0x00007ffce4b70000 - 0x00007ffce4b84000 	C:\WINDOWS\SYSTEM32\UMPDC.dll
0x00007ffce3af0000 - 0x00007ffce3b0b000 	C:\WINDOWS\SYSTEM32\kernel.appcore.dll
0x00007ffcdb4c0000 - 0x00007ffcdb4ca000 	C:\Program Files\Android\Android Studio\jbr\bin\jimage.dll
0x00007ffcd8db0000 - 0x00007ffcd8ff2000 	C:\WINDOWS\SYSTEM32\DBGHELP.DLL
0x00007ffce77b0000 - 0x00007ffce7b3b000 	C:\WINDOWS\System32\combase.dll
0x00007ffce6080000 - 0x00007ffce6157000 	C:\WINDOWS\System32\OLEAUT32.dll
0x00007ffcd73d0000 - 0x00007ffcd740c000 	C:\WINDOWS\SYSTEM32\dbgcore.DLL
0x00007ffce5790000 - 0x00007ffce5835000 	C:\WINDOWS\System32\bcryptPrimitives.dll
0x00007ffcda240000 - 0x00007ffcda260000 	C:\Program Files\Android\Android Studio\jbr\bin\java.dll

dbghelp: loaded successfully - version: 4.0.5 - missing functions: none
symbol engine: initialized successfully - sym options: 0x614 - pdb path: .;C:\Program Files\Android\Android Studio\jbr\bin;C:\WINDOWS\SYSTEM32;C:\Program Files\Avast Software\Avast;C:\WINDOWS\WinSxS\amd64_microsoft.windows.common-controls_6595b64144ccf1df_6.0.26100.7019_none_3e06ffa0e335b8a8;C:\Program Files\Android\Android Studio\jbr\bin\server

VM Arguments:
jvm_args: -Dorg.gradle.appname=gradlew 
java_command: org.gradle.wrapper.GradleWrapperMain -q -Ptarget-platform=android-x64 -Ptarget=C:\Gabay\lib\main.dart -Pbase-application-name=android.app.Application -Pdart-defines=RkxVVFRFUl9WRVJTSU9OPTMuMzIuNw==,RkxVVFRFUl9DSEFOTkVMPXN0YWJsZQ==,RkxVVFRFUl9HSVRfVVJMPWh0dHBzOi8vZ2l0aHViLmNvbS9mbHV0dGVyL2ZsdXR0ZXIuZ2l0,RkxVVFRFUl9GUkFNRVdPUktfUkVWSVNJT049ZDdiNTIzYjM1Ng==,RkxVVFRFUl9FTkdJTkVfUkVWSVNJT049MzlkNmQ2ZTY5OQ==,RkxVVFRFUl9EQVJUX1ZFUlNJT049My44LjE= -Pdart-obfuscation=false -Ptrack-widget-creation=true -Ptree-shake-icons=false -Pfilesystem-scheme=org-dartlang-root assembleDebug
java_class_path (initial): C:\Gabay\android\\gradle\wrapper\gradle-wrapper.jar
Launcher Type: SUN_STANDARD

[Global flags]
     intx CICompilerCount                          = 4                                         {product} {ergonomic}
     uint ConcGCThreads                            = 2                                         {product} {ergonomic}
     uint G1ConcRefinementThreads                  = 8                                         {product} {ergonomic}
   size_t G1HeapRegionSize                         = 1048576                                   {product} {ergonomic}
    uintx GCDrainStackTargetSize                   = 64                                        {product} {ergonomic}
   size_t InitialHeapSize                          = 121634816                                 {product} {ergonomic}
   size_t MarkStackSize                            = 4194304                                   {product} {ergonomic}
   size_t MaxHeapSize                              = 1944059904                                {product} {ergonomic}
   size_t MinHeapDeltaBytes                        = 1048576                                   {product} {ergonomic}
   size_t MinHeapSize                              = 8388608                                   {product} {ergonomic}
    uintx NonNMethodCodeHeapSize                   = 5839372                                {pd product} {ergonomic}
    uintx NonProfiledCodeHeapSize                  = 122909434                              {pd product} {ergonomic}
    uintx ProfiledCodeHeapSize                     = 122909434                              {pd product} {ergonomic}
    uintx ReservedCodeCacheSize                    = 251658240                              {pd product} {ergonomic}
     bool SegmentedCodeCache                       = true                                      {product} {ergonomic}
   size_t SoftMaxHeapSize                          = 1944059904                             {manageable} {ergonomic}
     bool UseCompressedOops                        = true                           {product lp64_product} {ergonomic}
     bool UseG1GC                                  = true                                      {product} {ergonomic}
     bool UseLargePagesIndividualAllocation        = false                                  {pd product} {ergonomic}

Logging:
Log output configuration:
 #0: stdout all=warning uptime,level,tags foldmultilines=false
 #1: stderr all=off uptime,level,tags foldmultilines=false

Environment Variables:
JAVA_HOME=C:\Program Files\Android\Android Studio\jbr
CLASSPATH=C:\Gabay\android\\gradle\wrapper\gradle-wrapper.jar
PATH=C:\Program Files\Android\Android Studio\jbr\bin;C:\flutter\bin\;C:\Program Files\Google\Chrome\Application;C:\Program Files (x86)\VMware\VMware Workstation\bin\;C:\Python312\Scripts\;C:\Python312\;C:\WINDOWS\system32;C:\WINDOWS;C:\WINDOWS\System32\Wbem;C:\WINDOWS\System32\WindowsPowerShell\v1.0\;C:\WINDOWS\System32\OpenSSH\;C:\Program Files (x86)\IBM\SPSS\Statistics\23\JRE\bin;C:\Program Files\nodejs\;C:\ProgramData\chocolatey\bin;C:\Program Files\Git\cmd;c:\Users\USER\AppData\Local\Programs\cursor\resources\app\bin;c:\Users\USER\AppData\Local\Programs\cursor\resources\app\bin;C:\Users\USER\AppData\Local\Pub\Cache\bin;C:\Users\USER\AppData\Local\Microsoft\WindowsApps;C:\Users\USER\AppData\Local\Programs\Microsoft VS Code\bin;C:\Users\USER\AppData\Roaming\npm;C:\Users\USER\AppData\Local\Programs\cursor\resources\app\bin;C:\Users\USER\AppData\Local\Pub\Cache\bin;
USERNAME=USER
LANG=en_US.UTF-8
OS=Windows_NT
PROCESSOR_IDENTIFIER=AMD64 Family 23 Model 160 Stepping 0, AuthenticAMD
TMP=C:\Users\USER\AppData\Local\Temp
TEMP=C:\Users\USER\AppData\Local\Temp




Periodic native trim disabled

JNI global refs:
JNI global refs: 0, weak refs: 0

JNI global refs memory usage: 0, weak refs: 0

Process memory usage:
Resident Set Size: 12500K (0% of 7591164K total physical memory with 425384K free physical memory)

OOME stack traces (most recent first):
Classloader memory used:

---------------  S Y S T E M  ---------------

OS:
 Windows 11 , 64 bit Build 26100 (10.0.26100.7019)
OS uptime: 15 days 12:15 hours

CPU: total 8 (initial active 8) (8 cores per cpu, 2 threads per core) family 23 model 160 stepping 0 microcode 0x8a00006, cx8, cmov, fxsr, ht, mmx, 3dnowpref, sse, sse2, sse3, ssse3, sse4a, sse4.1, sse4.2, popcnt, lzcnt, tsc, tscinvbit, avx, avx2, aes, clmul, bmi1, bmi2, adx, sha, fma, vzeroupper, clflush, clflushopt, rdtscp, rdpid, f16c
Processor Information for the first 8 processors :
  Max Mhz: 2401, Current Mhz: 2401, Mhz Limit: 2401

Memory: 4k page, system-wide physical 7413M (415M free)
TotalPageFile size 29941M (AvailPageFile size 60M)
current process WorkingSet (physical memory assigned to process): 12M, peak: 12M
current process commit charge ("private bytes"): 60M, peak: 176M

vm_info: OpenJDK 64-Bit Server VM (21.0.6+-13391695-b895.109) for windows-amd64 JRE (21.0.6+-13391695-b895.109), built on 2025-04-22T21:19:17Z by "builder" with MS VC++ 16.10 / 16.11 (VS2019)

END.
